#! /c/Source/iverilog-install/bin/vvp
:ivl_version "12.0 (devel)" "(s20150603-1539-g2693dd32b)";
:ivl_delay_selection "TYPICAL";
:vpi_time_precision + 0;
:vpi_module "C:\iverilog\lib\ivl\system.vpi";
:vpi_module "C:\iverilog\lib\ivl\vhdl_sys.vpi";
:vpi_module "C:\iverilog\lib\ivl\vhdl_textio.vpi";
:vpi_module "C:\iverilog\lib\ivl\v2005_math.vpi";
:vpi_module "C:\iverilog\lib\ivl\va_math.vpi";
S_000002500ece66d0 .scope module, "im_1k" "im_1k" 2 1;
 .timescale 0 0;
    .port_info 0 /INPUT 10 "addr";
    .port_info 1 /OUTPUT 32 "dout";
v000002500eceeed0_0 .net *"_ivl_0", 7 0, L_000002500f14c410;  1 drivers
v000002500ece6860_0 .net *"_ivl_10", 7 0, L_000002500f14c550;  1 drivers
v000002500ece6900_0 .net *"_ivl_12", 31 0, L_000002500f14c5f0;  1 drivers
L_000002500f14d0f8 .functor BUFT 1, C4<0000000000000000000000>, C4<0>, C4<0>, C4<0>;
v000002500ece69a0_0 .net *"_ivl_15", 21 0, L_000002500f14d0f8;  1 drivers
L_000002500f14d140 .functor BUFT 1, C4<00000000000000000000000000000010>, C4<0>, C4<0>, C4<0>;
v000002500ece6a40_0 .net/2u *"_ivl_16", 31 0, L_000002500f14d140;  1 drivers
v000002500f104980_0 .net *"_ivl_18", 31 0, L_000002500f14c7d0;  1 drivers
v000002500f14bf10_0 .net *"_ivl_2", 31 0, L_000002500f14bdd0;  1 drivers
v000002500f14cb90_0 .net *"_ivl_20", 7 0, L_000002500f14c870;  1 drivers
v000002500f14c190_0 .net *"_ivl_22", 31 0, L_000002500f14be70;  1 drivers
L_000002500f14d188 .functor BUFT 1, C4<0000000000000000000000>, C4<0>, C4<0>, C4<0>;
v000002500f14c050_0 .net *"_ivl_25", 21 0, L_000002500f14d188;  1 drivers
L_000002500f14d1d0 .functor BUFT 1, C4<00000000000000000000000000000001>, C4<0>, C4<0>, C4<0>;
v000002500f14c230_0 .net/2u *"_ivl_26", 31 0, L_000002500f14d1d0;  1 drivers
v000002500f14c690_0 .net *"_ivl_28", 31 0, L_000002500f14c910;  1 drivers
v000002500f14bfb0_0 .net *"_ivl_30", 7 0, L_000002500f14c9b0;  1 drivers
v000002500f14c0f0_0 .net *"_ivl_32", 11 0, L_000002500f1a85b0;  1 drivers
L_000002500f14d218 .functor BUFT 1, C4<00>, C4<0>, C4<0>, C4<0>;
v000002500f14c730_0 .net *"_ivl_35", 1 0, L_000002500f14d218;  1 drivers
L_000002500f14d068 .functor BUFT 1, C4<0000000000000000000000>, C4<0>, C4<0>, C4<0>;
v000002500f14ca50_0 .net *"_ivl_5", 21 0, L_000002500f14d068;  1 drivers
L_000002500f14d0b0 .functor BUFT 1, C4<00000000000000000000000000000011>, C4<0>, C4<0>, C4<0>;
v000002500f14caf0_0 .net/2u *"_ivl_6", 31 0, L_000002500f14d0b0;  1 drivers
v000002500f14c2d0_0 .net *"_ivl_8", 31 0, L_000002500f14c4b0;  1 drivers
o000002500f107338 .functor BUFZ 10, C4<zzzzzzzzzz>; HiZ drive
v000002500f14bc90_0 .net "addr", 9 0, o000002500f107338;  0 drivers
v000002500f14c370_0 .net "dout", 31 0, L_000002500f1a72f0;  1 drivers
v000002500f14bd30 .array "im", 1023 0, 7 0;
L_000002500f14c410 .array/port v000002500f14bd30, L_000002500f14c4b0;
L_000002500f14bdd0 .concat [ 10 22 0 0], o000002500f107338, L_000002500f14d068;
L_000002500f14c4b0 .arith/sum 32, L_000002500f14bdd0, L_000002500f14d0b0;
L_000002500f14c550 .array/port v000002500f14bd30, L_000002500f14c7d0;
L_000002500f14c5f0 .concat [ 10 22 0 0], o000002500f107338, L_000002500f14d0f8;
L_000002500f14c7d0 .arith/sum 32, L_000002500f14c5f0, L_000002500f14d140;
L_000002500f14c870 .array/port v000002500f14bd30, L_000002500f14c910;
L_000002500f14be70 .concat [ 10 22 0 0], o000002500f107338, L_000002500f14d188;
L_000002500f14c910 .arith/sum 32, L_000002500f14be70, L_000002500f14d1d0;
L_000002500f14c9b0 .array/port v000002500f14bd30, L_000002500f1a85b0;
L_000002500f1a85b0 .concat [ 10 2 0 0], o000002500f107338, L_000002500f14d218;
L_000002500f1a72f0 .concat [ 8 8 8 8], L_000002500f14c9b0, L_000002500f14c870, L_000002500f14c550, L_000002500f14c410;
    .scope S_000002500ece66d0;
T_0 ;
    %vpi_call 2 9 "$readmemh", "p1-test.txt", S_000002500ece66d0 {0 0 0};
    %end;
    .thread T_0;
# The file index is used to find the file name in the following table.
:file_names 3;
    "N/A";
    "<interactive>";
    ".\im_1k.v";
