#! /c/Source/iverilog-install/bin/vvp
:ivl_version "12.0 (devel)" "(s20150603-1539-g2693dd32b)";
:ivl_delay_selection "TYPICAL";
:vpi_time_precision - 12;
:vpi_module "C:\iverilog\lib\ivl\system.vpi";
:vpi_module "C:\iverilog\lib\ivl\vhdl_sys.vpi";
:vpi_module "C:\iverilog\lib\ivl\vhdl_textio.vpi";
:vpi_module "C:\iverilog\lib\ivl\v2005_math.vpi";
:vpi_module "C:\iverilog\lib\ivl\va_math.vpi";
S_0000023497e7ed90 .scope module, "tb_mips" "tb_mips" 2 3;
 .timescale -9 -12;
v000002349825c880_0 .var "clk", 0 0;
v000002349825e0e0_0 .var "rst", 0 0;
S_0000023497e13190 .scope module, "my_mips" "mips" 2 9, 3 1 0, S_0000023497e7ed90;
 .timescale -9 -12;
    .port_info 0 /INPUT 1 "clk";
    .port_info 1 /INPUT 1 "rst";
v0000023498258690_0 .net "ALUOp", 1 0, L_000002349825fe40;  1 drivers
v0000023498259d10_0 .net "ALUsel", 1 0, L_000002349825ee00;  1 drivers
v0000023498259db0_0 .net "Bsel", 0 0, L_000002349825e540;  1 drivers
v000002349825a2b0_0 .net "DMWr", 0 0, L_00000234982ad920;  1 drivers
v0000023498258730_0 .net "Extop", 1 0, L_000002349825db40;  1 drivers
v000002349825a210_0 .net "GPRWr", 0 0, L_00000234982ade60;  1 drivers
v0000023498259e50_0 .net "GPRsel", 1 0, L_000002349825d320;  1 drivers
v000002349825a030_0 .net "IRWr", 0 0, L_000002349825c2e0;  1 drivers
v0000023498257fb0_0 .net "MemByte", 0 0, L_00000234982aded0;  1 drivers
v000002349825a0d0_0 .net "NPCOp", 1 0, L_000002349825f4e0;  1 drivers
v00000234982589b0_0 .net "PCWr", 0 0, L_00000234981dafb0;  1 drivers
v000002349825a350_0 .net "WDsel", 2 0, L_000002349825d0a0;  1 drivers
v0000023498258a50_0 .net "clk", 0 0, v000002349825c880_0;  1 drivers
v000002349825a530_0 .net "flow", 0 0, L_00000234982ad760;  1 drivers
v000002349825a670_0 .net "funct", 5 0, L_000002349825f080;  1 drivers
v000002349825a710_0 .net "opcode", 5 0, L_000002349825efe0;  1 drivers
v00000234982582d0_0 .net "pos", 0 0, L_00000234982b0450;  1 drivers
v0000023498258370_0 .net "rs_out", 4 0, L_000002349825f260;  1 drivers
v0000023498258410_0 .net "rst", 0 0, v000002349825e0e0_0;  1 drivers
v0000023498258b90_0 .net "rt_out", 4 0, L_000002349825f120;  1 drivers
v0000023498258cd0_0 .net "zero", 0 0, L_00000234982ada00;  1 drivers
S_0000023497e13320 .scope module, "my_controller" "controller" 3 18, 4 3 0, S_0000023497e13190;
 .timescale -9 -12;
    .port_info 0 /INPUT 1 "clk";
    .port_info 1 /INPUT 1 "rst";
    .port_info 2 /INPUT 6 "opcode";
    .port_info 3 /INPUT 6 "funct";
    .port_info 4 /INPUT 1 "zero";
    .port_info 5 /INPUT 1 "pos";
    .port_info 6 /INPUT 5 "rs";
    .port_info 7 /INPUT 5 "rt";
    .port_info 8 /INPUT 1 "flow";
    .port_info 9 /OUTPUT 1 "PCWr";
    .port_info 10 /OUTPUT 1 "IRWr";
    .port_info 11 /OUTPUT 1 "GPRWr";
    .port_info 12 /OUTPUT 1 "Bsel";
    .port_info 13 /OUTPUT 1 "DMWr";
    .port_info 14 /OUTPUT 1 "MemByte";
    .port_info 15 /OUTPUT 3 "WDsel";
    .port_info 16 /OUTPUT 2 "GPRsel";
    .port_info 17 /OUTPUT 2 "Extop";
    .port_info 18 /OUTPUT 2 "ALUOp";
    .port_info 19 /OUTPUT 2 "NPCOp";
    .port_info 20 /OUTPUT 2 "ALUsel";
L_00000234981db3a0 .functor OR 1, L_000002349825c6a0, L_000002349825cce0, C4<0>, C4<0>;
L_00000234981da680 .functor AND 1, L_000002349825c060, L_000002349825c600, C4<1>, C4<1>;
L_00000234981db4f0 .functor OR 1, L_00000234981db3a0, L_00000234981da680, C4<0>, C4<0>;
L_00000234981daca0 .functor AND 1, L_000002349825e360, L_000002349825cd80, C4<1>, C4<1>;
L_00000234981dad10 .functor AND 1, L_00000234981daca0, L_000002349825c740, C4<1>, C4<1>;
L_00000234981dad80 .functor OR 1, L_00000234981db4f0, L_00000234981dad10, C4<0>, C4<0>;
L_00000234981db1e0 .functor AND 1, L_00000234981dad80, L_000002349825c1a0, C4<1>, C4<1>;
L_00000234981db090 .functor OR 1, L_000002349825d1e0, L_00000234981db1e0, C4<0>, C4<0>;
L_00000234981da610 .functor AND 1, L_000002349825c920, L_000002349825e5e0, C4<1>, C4<1>;
L_0000023498260290 .functor BUFT 1, C4<1>, C4<0>, C4<0>, C4<0>;
L_00000234981dae60 .functor XNOR 1, L_00000234982ada00, L_0000023498260290, C4<0>, C4<0>;
L_00000234981db410 .functor AND 1, L_00000234981da610, L_00000234981dae60, C4<1>, C4<1>;
L_00000234981db480 .functor OR 1, L_00000234981db090, L_00000234981db410, C4<0>, C4<0>;
L_00000234981dadf0 .functor AND 1, L_000002349825c7e0, L_000002349825cf60, C4<1>, C4<1>;
L_00000234981da760 .functor AND 1, L_00000234981dadf0, L_000002349825c4c0, C4<1>, C4<1>;
L_00000234982603b0 .functor BUFT 1, C4<1>, C4<0>, C4<0>, C4<0>;
L_00000234981daf40 .functor XNOR 1, L_00000234982b0450, L_00000234982603b0, C4<0>, C4<0>;
L_00000234981da7d0 .functor AND 1, L_00000234981da760, L_00000234981daf40, C4<1>, C4<1>;
L_00000234981da6f0 .functor OR 1, L_00000234981db480, L_00000234981da7d0, C4<0>, C4<0>;
L_00000234981dafb0 .functor OR 1, L_00000234981da6f0, L_000002349825daa0, C4<0>, C4<0>;
L_00000234981da920 .functor OR 1, L_000002349825d000, L_000002349825ce20, C4<0>, C4<0>;
L_00000234981db250 .functor OR 1, L_000002349825d780, L_000002349825d140, C4<0>, C4<0>;
L_00000234981da840 .functor OR 1, L_00000234981db250, L_000002349825d8c0, C4<0>, C4<0>;
L_00000234981db2c0 .functor AND 1, L_000002349825c9c0, L_00000234981da840, C4<1>, C4<1>;
L_0000023498260878 .functor BUFT 1, C4<1>, C4<0>, C4<0>, C4<0>;
L_00000234981dabc0 .functor XNOR 1, L_00000234982ad760, L_0000023498260878, C4<0>, C4<0>;
L_00000234981db020 .functor AND 1, L_000002349825d280, L_00000234981dabc0, C4<1>, C4<1>;
L_00000234981daa00 .functor OR 1, L_000002349825ca60, L_000002349825dfa0, C4<0>, C4<0>;
L_00000234981db330 .functor OR 1, L_00000234981daa00, L_000002349825e4a0, C4<0>, C4<0>;
L_00000234981db170 .functor OR 1, L_00000234981db330, L_000002349825e180, C4<0>, C4<0>;
L_00000234981da990 .functor OR 1, L_00000234981db170, L_000002349825e680, C4<0>, C4<0>;
L_00000234981daa70 .functor OR 1, L_00000234981da990, L_000002349825c240, C4<0>, C4<0>;
L_00000234981daae0 .functor AND 1, L_000002349825d3c0, L_000002349825cba0, C4<1>, C4<1>;
L_00000234981dab50 .functor OR 1, L_00000234981daae0, L_000002349825cc40, C4<0>, C4<0>;
L_00000234981dac30 .functor OR 1, L_00000234981dab50, L_000002349825e2c0, C4<0>, C4<0>;
L_0000023497e6dc00 .functor OR 1, L_00000234981dac30, L_000002349825d460, C4<0>, C4<0>;
L_0000023497e6dea0 .functor OR 1, L_0000023497e6dc00, L_000002349825d500, C4<0>, C4<0>;
L_0000023497e6e140 .functor OR 1, L_0000023497e6dea0, L_000002349825bfc0, C4<0>, C4<0>;
L_0000023497e6e220 .functor OR 1, L_0000023497e6e140, L_000002349825d640, C4<0>, C4<0>;
L_0000023497e6e300 .functor AND 1, L_000002349825d820, L_000002349825e720, C4<1>, C4<1>;
L_0000023497e6e3e0 .functor OR 1, L_0000023497e6e220, L_0000023497e6e300, C4<0>, C4<0>;
L_00000234982add10 .functor AND 1, L_000002349825cb00, L_0000023497e6e3e0, C4<1>, C4<1>;
L_00000234982ad530 .functor AND 1, L_000002349825d960, L_000002349825da00, C4<1>, C4<1>;
L_00000234982ade60 .functor OR 1, L_00000234982add10, L_00000234982ad530, C4<0>, C4<0>;
L_00000234982adb50 .functor OR 1, L_000002349825d6e0, L_000002349825dbe0, C4<0>, C4<0>;
L_00000234982ad5a0 .functor OR 1, L_00000234982adb50, L_000002349825df00, C4<0>, C4<0>;
L_00000234982ada70 .functor OR 1, L_00000234982ad5a0, L_000002349825dc80, C4<0>, C4<0>;
L_00000234982ad4c0 .functor OR 1, L_00000234982ada70, L_000002349825e400, C4<0>, C4<0>;
L_00000234982ad8b0 .functor OR 1, L_00000234982ad4c0, L_000002349825dd20, C4<0>, C4<0>;
L_00000234982addf0 .functor OR 1, L_00000234982ad8b0, L_000002349825c100, C4<0>, C4<0>;
L_00000234982adae0 .functor OR 1, L_00000234982addf0, L_000002349825e040, C4<0>, C4<0>;
L_00000234982ad300 .functor AND 1, L_000002349825c420, L_000002349825ed60, C4<1>, C4<1>;
L_00000234982ad220 .functor OR 1, L_00000234982ad300, L_000002349825e9a0, C4<0>, C4<0>;
L_00000234982ad7d0 .functor OR 1, L_000002349825ecc0, L_000002349825f760, C4<0>, C4<0>;
L_00000234982ad680 .functor AND 1, L_000002349825e900, L_000002349825ea40, C4<1>, C4<1>;
L_00000234982ad990 .functor AND 1, L_000002349825f620, L_000002349825fd00, C4<1>, C4<1>;
L_00000234982adbc0 .functor AND 1, L_00000234982ad990, L_000002349825fbc0, C4<1>, C4<1>;
L_0000023498261640 .functor BUFT 1, C4<1>, C4<0>, C4<0>, C4<0>;
L_00000234982ad290 .functor XNOR 1, L_00000234982b0450, L_0000023498261640, C4<0>, C4<0>;
L_00000234982ad6f0 .functor AND 1, L_00000234982adbc0, L_00000234982ad290, C4<1>, C4<1>;
L_00000234982ad1b0 .functor OR 1, L_00000234982ad680, L_00000234982ad6f0, C4<0>, C4<0>;
L_00000234982adc30 .functor AND 1, L_000002349825eea0, L_000002349825f1c0, C4<1>, C4<1>;
L_00000234982add80 .functor AND 1, L_000002349825f300, L_000002349825f940, C4<1>, C4<1>;
L_00000234982ad3e0 .functor AND 1, L_000002349825eb80, L_000002349825fda0, C4<1>, C4<1>;
L_00000234982ad370 .functor AND 1, L_00000234982ad3e0, L_000002349825fc60, C4<1>, C4<1>;
L_00000234982ad610 .functor OR 1, L_000002349825f9e0, L_000002349825f3a0, C4<0>, C4<0>;
L_00000234982ad920 .functor AND 1, L_000002349825f6c0, L_00000234982ad610, C4<1>, C4<1>;
L_00000234982ad450 .functor AND 1, L_000002349825eae0, L_000002349825ec20, C4<1>, C4<1>;
L_00000234982aded0 .functor OR 1, L_000002349825f8a0, L_000002349825ef40, C4<0>, C4<0>;
v00000234981d4350_0 .net "ALUOp", 1 0, L_000002349825fe40;  alias, 1 drivers
v00000234981d4670_0 .net "ALUsel", 1 0, L_000002349825ee00;  alias, 1 drivers
v00000234981d5e30_0 .net "Bsel", 0 0, L_000002349825e540;  alias, 1 drivers
v00000234981d5ed0_0 .net "DMWr", 0 0, L_00000234982ad920;  alias, 1 drivers
v00000234981d4f30_0 .net "Extop", 1 0, L_000002349825db40;  alias, 1 drivers
v00000234981d4990_0 .net "GPRWr", 0 0, L_00000234982ade60;  alias, 1 drivers
v00000234981d4a30_0 .net "GPRsel", 1 0, L_000002349825d320;  alias, 1 drivers
v00000234981d5f70_0 .net "IRWr", 0 0, L_000002349825c2e0;  alias, 1 drivers
v00000234981d4b70_0 .net "MemByte", 0 0, L_00000234982aded0;  alias, 1 drivers
v00000234981d42b0_0 .net "NPCOp", 1 0, L_000002349825f4e0;  alias, 1 drivers
v00000234981d6010_0 .net "PCWr", 0 0, L_00000234981dafb0;  alias, 1 drivers
v00000234981d4c10_0 .net "WDsel", 2 0, L_000002349825d0a0;  alias, 1 drivers
L_000002349825ff78 .functor BUFT 1, C4<0000>, C4<0>, C4<0>, C4<0>;
v00000234981d60b0_0 .net/2u *"_ivl_0", 3 0, L_000002349825ff78;  1 drivers
v00000234981d4cb0_0 .net *"_ivl_10", 0 0, L_000002349825cce0;  1 drivers
L_0000023498260440 .functor BUFT 1, C4<0000>, C4<0>, C4<0>, C4<0>;
v00000234981d4d50_0 .net/2u *"_ivl_100", 3 0, L_0000023498260440;  1 drivers
L_0000023498260488 .functor BUFT 1, C4<100011>, C4<0>, C4<0>, C4<0>;
v00000234981d52f0_0 .net/2u *"_ivl_104", 5 0, L_0000023498260488;  1 drivers
v00000234981d4df0_0 .net *"_ivl_106", 0 0, L_000002349825d000;  1 drivers
L_00000234982604d0 .functor BUFT 1, C4<100000>, C4<0>, C4<0>, C4<0>;
v00000234981d43f0_0 .net/2u *"_ivl_108", 5 0, L_00000234982604d0;  1 drivers
v00000234981d51b0_0 .net *"_ivl_110", 0 0, L_000002349825ce20;  1 drivers
v00000234981d4490_0 .net *"_ivl_113", 0 0, L_00000234981da920;  1 drivers
L_0000023498260518 .functor BUFT 1, C4<001>, C4<0>, C4<0>, C4<0>;
v00000234981d5250_0 .net/2u *"_ivl_114", 2 0, L_0000023498260518;  1 drivers
L_0000023498260560 .functor BUFT 1, C4<000011>, C4<0>, C4<0>, C4<0>;
v00000234981d5390_0 .net/2u *"_ivl_116", 5 0, L_0000023498260560;  1 drivers
v00000234981d4530_0 .net *"_ivl_118", 0 0, L_000002349825d5a0;  1 drivers
L_00000234982605a8 .functor BUFT 1, C4<010>, C4<0>, C4<0>, C4<0>;
v00000234981d5430_0 .net/2u *"_ivl_120", 2 0, L_00000234982605a8;  1 drivers
L_00000234982605f0 .functor BUFT 1, C4<000>, C4<0>, C4<0>, C4<0>;
v0000023497e7bef0_0 .net/2u *"_ivl_122", 2 0, L_00000234982605f0;  1 drivers
v0000023497e7c2b0_0 .net *"_ivl_124", 2 0, L_000002349825ddc0;  1 drivers
L_0000023498260638 .functor BUFT 1, C4<000000>, C4<0>, C4<0>, C4<0>;
v0000023497e7c7b0_0 .net/2u *"_ivl_128", 5 0, L_0000023498260638;  1 drivers
v0000023497e7c530_0 .net *"_ivl_13", 0 0, L_00000234981db3a0;  1 drivers
v0000023497e7aeb0_0 .net *"_ivl_130", 0 0, L_000002349825c9c0;  1 drivers
L_0000023498260680 .functor BUFT 1, C4<100001>, C4<0>, C4<0>, C4<0>;
v0000023498246f70_0 .net/2u *"_ivl_132", 5 0, L_0000023498260680;  1 drivers
v00000234982462f0_0 .net *"_ivl_134", 0 0, L_000002349825d780;  1 drivers
L_00000234982606c8 .functor BUFT 1, C4<100011>, C4<0>, C4<0>, C4<0>;
v0000023498245b70_0 .net/2u *"_ivl_136", 5 0, L_00000234982606c8;  1 drivers
v0000023498245cb0_0 .net *"_ivl_138", 0 0, L_000002349825d140;  1 drivers
L_0000023498260050 .functor BUFT 1, C4<000000>, C4<0>, C4<0>, C4<0>;
v0000023498247010_0 .net/2u *"_ivl_14", 5 0, L_0000023498260050;  1 drivers
v0000023498245d50_0 .net *"_ivl_141", 0 0, L_00000234981db250;  1 drivers
L_0000023498260710 .functor BUFT 1, C4<101010>, C4<0>, C4<0>, C4<0>;
v0000023498246430_0 .net/2u *"_ivl_142", 5 0, L_0000023498260710;  1 drivers
v0000023498245990_0 .net *"_ivl_144", 0 0, L_000002349825d8c0;  1 drivers
v0000023498246930_0 .net *"_ivl_147", 0 0, L_00000234981da840;  1 drivers
v0000023498245ad0_0 .net *"_ivl_149", 0 0, L_00000234981db2c0;  1 drivers
L_0000023498260758 .functor BUFT 1, C4<01>, C4<0>, C4<0>, C4<0>;
v0000023498246cf0_0 .net/2u *"_ivl_150", 1 0, L_0000023498260758;  1 drivers
L_00000234982607a0 .functor BUFT 1, C4<000011>, C4<0>, C4<0>, C4<0>;
v0000023498246d90_0 .net/2u *"_ivl_152", 5 0, L_00000234982607a0;  1 drivers
v0000023498245c10_0 .net *"_ivl_154", 0 0, L_000002349825c560;  1 drivers
L_00000234982607e8 .functor BUFT 1, C4<11>, C4<0>, C4<0>, C4<0>;
v0000023498246bb0_0 .net/2u *"_ivl_156", 1 0, L_00000234982607e8;  1 drivers
L_0000023498260830 .functor BUFT 1, C4<001000>, C4<0>, C4<0>, C4<0>;
v00000234982466b0_0 .net/2u *"_ivl_158", 5 0, L_0000023498260830;  1 drivers
v00000234982470b0_0 .net *"_ivl_16", 0 0, L_000002349825c060;  1 drivers
v0000023498246b10_0 .net *"_ivl_160", 0 0, L_000002349825d280;  1 drivers
v0000023498247150_0 .net/2u *"_ivl_162", 0 0, L_0000023498260878;  1 drivers
v0000023498246e30_0 .net *"_ivl_164", 0 0, L_00000234981dabc0;  1 drivers
v0000023498246250_0 .net *"_ivl_167", 0 0, L_00000234981db020;  1 drivers
L_00000234982608c0 .functor BUFT 1, C4<10>, C4<0>, C4<0>, C4<0>;
v0000023498246390_0 .net/2u *"_ivl_168", 1 0, L_00000234982608c0;  1 drivers
L_0000023498260908 .functor BUFT 1, C4<00>, C4<0>, C4<0>, C4<0>;
v00000234982464d0_0 .net/2u *"_ivl_170", 1 0, L_0000023498260908;  1 drivers
v0000023498245850_0 .net *"_ivl_172", 1 0, L_000002349825e220;  1 drivers
v0000023498247330_0 .net *"_ivl_174", 1 0, L_000002349825cec0;  1 drivers
L_0000023498260950 .functor BUFT 1, C4<100011>, C4<0>, C4<0>, C4<0>;
v0000023498245e90_0 .net/2u *"_ivl_178", 5 0, L_0000023498260950;  1 drivers
L_0000023498260098 .functor BUFT 1, C4<001000>, C4<0>, C4<0>, C4<0>;
v0000023498246750_0 .net/2u *"_ivl_18", 5 0, L_0000023498260098;  1 drivers
v0000023498245df0_0 .net *"_ivl_180", 0 0, L_000002349825ca60;  1 drivers
L_0000023498260998 .functor BUFT 1, C4<101011>, C4<0>, C4<0>, C4<0>;
v0000023498246c50_0 .net/2u *"_ivl_182", 5 0, L_0000023498260998;  1 drivers
v00000234982473d0_0 .net *"_ivl_184", 0 0, L_000002349825dfa0;  1 drivers
v0000023498247290_0 .net *"_ivl_187", 0 0, L_00000234981daa00;  1 drivers
L_00000234982609e0 .functor BUFT 1, C4<001000>, C4<0>, C4<0>, C4<0>;
v0000023498246570_0 .net/2u *"_ivl_188", 5 0, L_00000234982609e0;  1 drivers
v0000023498247510_0 .net *"_ivl_190", 0 0, L_000002349825e4a0;  1 drivers
v00000234982471f0_0 .net *"_ivl_193", 0 0, L_00000234981db330;  1 drivers
L_0000023498260a28 .functor BUFT 1, C4<001001>, C4<0>, C4<0>, C4<0>;
v0000023498247470_0 .net/2u *"_ivl_194", 5 0, L_0000023498260a28;  1 drivers
v0000023498246070_0 .net *"_ivl_196", 0 0, L_000002349825e180;  1 drivers
v0000023498246610_0 .net *"_ivl_199", 0 0, L_00000234981db170;  1 drivers
v00000234982475b0_0 .net *"_ivl_2", 0 0, L_000002349825d1e0;  1 drivers
v0000023498246ed0_0 .net *"_ivl_20", 0 0, L_000002349825c600;  1 drivers
L_0000023498260a70 .functor BUFT 1, C4<100000>, C4<0>, C4<0>, C4<0>;
v00000234982469d0_0 .net/2u *"_ivl_200", 5 0, L_0000023498260a70;  1 drivers
v0000023498245710_0 .net *"_ivl_202", 0 0, L_000002349825e680;  1 drivers
v00000234982458f0_0 .net *"_ivl_205", 0 0, L_00000234981da990;  1 drivers
L_0000023498260ab8 .functor BUFT 1, C4<101000>, C4<0>, C4<0>, C4<0>;
v0000023498246890_0 .net/2u *"_ivl_206", 5 0, L_0000023498260ab8;  1 drivers
v0000023498245fd0_0 .net *"_ivl_208", 0 0, L_000002349825c240;  1 drivers
v0000023498245f30_0 .net *"_ivl_211", 0 0, L_00000234981daa70;  1 drivers
L_0000023498260b00 .functor BUFT 1, C4<01>, C4<0>, C4<0>, C4<0>;
v00000234982467f0_0 .net/2u *"_ivl_212", 1 0, L_0000023498260b00;  1 drivers
L_0000023498260b48 .functor BUFT 1, C4<001111>, C4<0>, C4<0>, C4<0>;
v0000023498246a70_0 .net/2u *"_ivl_214", 5 0, L_0000023498260b48;  1 drivers
v00000234982457b0_0 .net *"_ivl_216", 0 0, L_000002349825c380;  1 drivers
L_0000023498260b90 .functor BUFT 1, C4<10>, C4<0>, C4<0>, C4<0>;
v0000023498246110_0 .net/2u *"_ivl_218", 1 0, L_0000023498260b90;  1 drivers
L_0000023498260bd8 .functor BUFT 1, C4<00>, C4<0>, C4<0>, C4<0>;
v0000023498245a30_0 .net/2u *"_ivl_220", 1 0, L_0000023498260bd8;  1 drivers
v00000234982461b0_0 .net *"_ivl_222", 1 0, L_000002349825de60;  1 drivers
L_0000023498260c20 .functor BUFT 1, C4<0101>, C4<0>, C4<0>, C4<0>;
v0000023498248120_0 .net/2u *"_ivl_226", 3 0, L_0000023498260c20;  1 drivers
v0000023498247c20_0 .net *"_ivl_228", 0 0, L_000002349825cb00;  1 drivers
v00000234982484e0_0 .net *"_ivl_23", 0 0, L_00000234981da680;  1 drivers
L_0000023498260c68 .functor BUFT 1, C4<000000>, C4<0>, C4<0>, C4<0>;
v0000023498248080_0 .net/2u *"_ivl_230", 5 0, L_0000023498260c68;  1 drivers
v0000023498247d60_0 .net *"_ivl_232", 0 0, L_000002349825d3c0;  1 drivers
L_0000023498260cb0 .functor BUFT 1, C4<001000>, C4<0>, C4<0>, C4<0>;
v0000023498247cc0_0 .net/2u *"_ivl_234", 5 0, L_0000023498260cb0;  1 drivers
v00000234982489e0_0 .net *"_ivl_236", 0 0, L_000002349825cba0;  1 drivers
v0000023498249160_0 .net *"_ivl_239", 0 0, L_00000234981daae0;  1 drivers
L_0000023498260cf8 .functor BUFT 1, C4<001000>, C4<0>, C4<0>, C4<0>;
v0000023498248620_0 .net/2u *"_ivl_240", 5 0, L_0000023498260cf8;  1 drivers
v0000023498248800_0 .net *"_ivl_242", 0 0, L_000002349825cc40;  1 drivers
v0000023498247ae0_0 .net *"_ivl_245", 0 0, L_00000234981dab50;  1 drivers
L_0000023498260d40 .functor BUFT 1, C4<001001>, C4<0>, C4<0>, C4<0>;
v0000023498247b80_0 .net/2u *"_ivl_246", 5 0, L_0000023498260d40;  1 drivers
v0000023498248300_0 .net *"_ivl_248", 0 0, L_000002349825e2c0;  1 drivers
v0000023498247e00_0 .net *"_ivl_25", 0 0, L_00000234981db4f0;  1 drivers
v0000023498247ea0_0 .net *"_ivl_251", 0 0, L_00000234981dac30;  1 drivers
L_0000023498260d88 .functor BUFT 1, C4<001101>, C4<0>, C4<0>, C4<0>;
v0000023498248ee0_0 .net/2u *"_ivl_252", 5 0, L_0000023498260d88;  1 drivers
v00000234982492a0_0 .net *"_ivl_254", 0 0, L_000002349825d460;  1 drivers
v00000234982495c0_0 .net *"_ivl_257", 0 0, L_0000023497e6dc00;  1 drivers
L_0000023498260dd0 .functor BUFT 1, C4<001111>, C4<0>, C4<0>, C4<0>;
v0000023498249340_0 .net/2u *"_ivl_258", 5 0, L_0000023498260dd0;  1 drivers
L_00000234982600e0 .functor BUFT 1, C4<010000>, C4<0>, C4<0>, C4<0>;
v00000234982479a0_0 .net/2u *"_ivl_26", 5 0, L_00000234982600e0;  1 drivers
v0000023498247f40_0 .net *"_ivl_260", 0 0, L_000002349825d500;  1 drivers
v00000234982481c0_0 .net *"_ivl_263", 0 0, L_0000023497e6dea0;  1 drivers
L_0000023498260e18 .functor BUFT 1, C4<100011>, C4<0>, C4<0>, C4<0>;
v00000234982486c0_0 .net/2u *"_ivl_264", 5 0, L_0000023498260e18;  1 drivers
v0000023498247fe0_0 .net *"_ivl_266", 0 0, L_000002349825bfc0;  1 drivers
v00000234982477c0_0 .net *"_ivl_269", 0 0, L_0000023497e6e140;  1 drivers
L_0000023498260e60 .functor BUFT 1, C4<100000>, C4<0>, C4<0>, C4<0>;
v0000023498248940_0 .net/2u *"_ivl_270", 5 0, L_0000023498260e60;  1 drivers
v00000234982488a0_0 .net *"_ivl_272", 0 0, L_000002349825d640;  1 drivers
v0000023498248760_0 .net *"_ivl_275", 0 0, L_0000023497e6e220;  1 drivers
L_0000023498260ea8 .functor BUFT 1, C4<010000>, C4<0>, C4<0>, C4<0>;
v0000023498248260_0 .net/2u *"_ivl_276", 5 0, L_0000023498260ea8;  1 drivers
v0000023498249200_0 .net *"_ivl_278", 0 0, L_000002349825d820;  1 drivers
v0000023498248a80_0 .net *"_ivl_28", 0 0, L_000002349825e360;  1 drivers
L_0000023498260ef0 .functor BUFT 1, C4<00000>, C4<0>, C4<0>, C4<0>;
v0000023498248580_0 .net/2u *"_ivl_280", 4 0, L_0000023498260ef0;  1 drivers
v0000023498248b20_0 .net *"_ivl_282", 0 0, L_000002349825e720;  1 drivers
v00000234982483a0_0 .net *"_ivl_285", 0 0, L_0000023497e6e300;  1 drivers
v0000023498248bc0_0 .net *"_ivl_287", 0 0, L_0000023497e6e3e0;  1 drivers
v0000023498248440_0 .net *"_ivl_289", 0 0, L_00000234982add10;  1 drivers
L_0000023498260f38 .functor BUFT 1, C4<0111>, C4<0>, C4<0>, C4<0>;
v0000023498248c60_0 .net/2u *"_ivl_290", 3 0, L_0000023498260f38;  1 drivers
v0000023498248d00_0 .net *"_ivl_292", 0 0, L_000002349825d960;  1 drivers
L_0000023498260f80 .functor BUFT 1, C4<000011>, C4<0>, C4<0>, C4<0>;
v00000234982493e0_0 .net/2u *"_ivl_294", 5 0, L_0000023498260f80;  1 drivers
v0000023498248da0_0 .net *"_ivl_296", 0 0, L_000002349825da00;  1 drivers
v0000023498248e40_0 .net *"_ivl_299", 0 0, L_00000234982ad530;  1 drivers
L_0000023498260128 .functor BUFT 1, C4<011000>, C4<0>, C4<0>, C4<0>;
v0000023498249480_0 .net/2u *"_ivl_30", 5 0, L_0000023498260128;  1 drivers
L_0000023498260fc8 .functor BUFT 1, C4<001101>, C4<0>, C4<0>, C4<0>;
v0000023498247720_0 .net/2u *"_ivl_302", 5 0, L_0000023498260fc8;  1 drivers
v0000023498248f80_0 .net *"_ivl_304", 0 0, L_000002349825d6e0;  1 drivers
L_0000023498261010 .functor BUFT 1, C4<100011>, C4<0>, C4<0>, C4<0>;
v0000023498249520_0 .net/2u *"_ivl_306", 5 0, L_0000023498261010;  1 drivers
v0000023498247860_0 .net *"_ivl_308", 0 0, L_000002349825dbe0;  1 drivers
v0000023498249020_0 .net *"_ivl_311", 0 0, L_00000234982adb50;  1 drivers
L_0000023498261058 .functor BUFT 1, C4<101011>, C4<0>, C4<0>, C4<0>;
v0000023498247900_0 .net/2u *"_ivl_312", 5 0, L_0000023498261058;  1 drivers
v0000023498247a40_0 .net *"_ivl_314", 0 0, L_000002349825df00;  1 drivers
v00000234982490c0_0 .net *"_ivl_317", 0 0, L_00000234982ad5a0;  1 drivers
L_00000234982610a0 .functor BUFT 1, C4<001111>, C4<0>, C4<0>, C4<0>;
v000002349824b5c0_0 .net/2u *"_ivl_318", 5 0, L_00000234982610a0;  1 drivers
v000002349824bca0_0 .net *"_ivl_32", 0 0, L_000002349825cd80;  1 drivers
v000002349824bd40_0 .net *"_ivl_320", 0 0, L_000002349825dc80;  1 drivers
v000002349824b3e0_0 .net *"_ivl_323", 0 0, L_00000234982ada70;  1 drivers
L_00000234982610e8 .functor BUFT 1, C4<001000>, C4<0>, C4<0>, C4<0>;
v000002349824a1c0_0 .net/2u *"_ivl_324", 5 0, L_00000234982610e8;  1 drivers
v000002349824b0c0_0 .net *"_ivl_326", 0 0, L_000002349825e400;  1 drivers
v000002349824b520_0 .net *"_ivl_329", 0 0, L_00000234982ad4c0;  1 drivers
L_0000023498261130 .functor BUFT 1, C4<001001>, C4<0>, C4<0>, C4<0>;
v000002349824bde0_0 .net/2u *"_ivl_330", 5 0, L_0000023498261130;  1 drivers
v000002349824b660_0 .net *"_ivl_332", 0 0, L_000002349825dd20;  1 drivers
v000002349824a940_0 .net *"_ivl_335", 0 0, L_00000234982ad8b0;  1 drivers
L_0000023498261178 .functor BUFT 1, C4<100000>, C4<0>, C4<0>, C4<0>;
v000002349824a9e0_0 .net/2u *"_ivl_336", 5 0, L_0000023498261178;  1 drivers
v000002349824b200_0 .net *"_ivl_338", 0 0, L_000002349825c100;  1 drivers
v0000023498249f40_0 .net *"_ivl_341", 0 0, L_00000234982addf0;  1 drivers
L_00000234982611c0 .functor BUFT 1, C4<101000>, C4<0>, C4<0>, C4<0>;
v000002349824b020_0 .net/2u *"_ivl_342", 5 0, L_00000234982611c0;  1 drivers
v000002349824a300_0 .net *"_ivl_344", 0 0, L_000002349825e040;  1 drivers
v000002349824aa80_0 .net *"_ivl_347", 0 0, L_00000234982adae0;  1 drivers
L_0000023498261208 .functor BUFT 1, C4<1>, C4<0>, C4<0>, C4<0>;
v000002349824a3a0_0 .net/2u *"_ivl_348", 0 0, L_0000023498261208;  1 drivers
v000002349824b160_0 .net *"_ivl_35", 0 0, L_00000234981daca0;  1 drivers
L_0000023498261250 .functor BUFT 1, C4<0>, C4<0>, C4<0>, C4<0>;
v000002349824a760_0 .net/2u *"_ivl_350", 0 0, L_0000023498261250;  1 drivers
L_0000023498261298 .functor BUFT 1, C4<000000>, C4<0>, C4<0>, C4<0>;
v000002349824a6c0_0 .net/2u *"_ivl_354", 5 0, L_0000023498261298;  1 drivers
v000002349824b8e0_0 .net *"_ivl_356", 0 0, L_000002349825c420;  1 drivers
L_00000234982612e0 .functor BUFT 1, C4<100011>, C4<0>, C4<0>, C4<0>;
v000002349824b700_0 .net/2u *"_ivl_358", 5 0, L_00000234982612e0;  1 drivers
L_0000023498260170 .functor BUFT 1, C4<10000>, C4<0>, C4<0>, C4<0>;
v000002349824ab20_0 .net/2u *"_ivl_36", 4 0, L_0000023498260170;  1 drivers
v000002349824ae40_0 .net *"_ivl_360", 0 0, L_000002349825ed60;  1 drivers
v000002349824b840_0 .net *"_ivl_363", 0 0, L_00000234982ad300;  1 drivers
L_0000023498261328 .functor BUFT 1, C4<000100>, C4<0>, C4<0>, C4<0>;
v000002349824bc00_0 .net/2u *"_ivl_364", 5 0, L_0000023498261328;  1 drivers
v000002349824a440_0 .net *"_ivl_366", 0 0, L_000002349825e9a0;  1 drivers
v000002349824b2a0_0 .net *"_ivl_369", 0 0, L_00000234982ad220;  1 drivers
L_0000023498261370 .functor BUFT 1, C4<01>, C4<0>, C4<0>, C4<0>;
v0000023498249fe0_0 .net/2u *"_ivl_370", 1 0, L_0000023498261370;  1 drivers
L_00000234982613b8 .functor BUFT 1, C4<001111>, C4<0>, C4<0>, C4<0>;
v000002349824b340_0 .net/2u *"_ivl_372", 5 0, L_00000234982613b8;  1 drivers
v000002349824ada0_0 .net *"_ivl_374", 0 0, L_000002349825ecc0;  1 drivers
L_0000023498261400 .functor BUFT 1, C4<001101>, C4<0>, C4<0>, C4<0>;
v000002349824a800_0 .net/2u *"_ivl_376", 5 0, L_0000023498261400;  1 drivers
v000002349824b480_0 .net *"_ivl_378", 0 0, L_000002349825f760;  1 drivers
v000002349824a4e0_0 .net *"_ivl_38", 0 0, L_000002349825c740;  1 drivers
v000002349824b7a0_0 .net *"_ivl_381", 0 0, L_00000234982ad7d0;  1 drivers
L_0000023498261448 .functor BUFT 1, C4<10>, C4<0>, C4<0>, C4<0>;
v000002349824aee0_0 .net/2u *"_ivl_382", 1 0, L_0000023498261448;  1 drivers
L_0000023498261490 .functor BUFT 1, C4<00>, C4<0>, C4<0>, C4<0>;
v000002349824a080_0 .net/2u *"_ivl_384", 1 0, L_0000023498261490;  1 drivers
v000002349824b980_0 .net *"_ivl_386", 1 0, L_000002349825fb20;  1 drivers
L_00000234982614d8 .functor BUFT 1, C4<0110>, C4<0>, C4<0>, C4<0>;
v000002349824ba20_0 .net/2u *"_ivl_390", 3 0, L_00000234982614d8;  1 drivers
v000002349824bac0_0 .net *"_ivl_392", 0 0, L_000002349825e900;  1 drivers
L_0000023498261520 .functor BUFT 1, C4<000100>, C4<0>, C4<0>, C4<0>;
v000002349824bb60_0 .net/2u *"_ivl_394", 5 0, L_0000023498261520;  1 drivers
v000002349824a580_0 .net *"_ivl_396", 0 0, L_000002349825ea40;  1 drivers
v000002349824a120_0 .net *"_ivl_399", 0 0, L_00000234982ad680;  1 drivers
L_000002349825ffc0 .functor BUFT 1, C4<000010>, C4<0>, C4<0>, C4<0>;
v000002349824af80_0 .net/2u *"_ivl_4", 5 0, L_000002349825ffc0;  1 drivers
L_0000023498261568 .functor BUFT 1, C4<0110>, C4<0>, C4<0>, C4<0>;
v000002349824ad00_0 .net/2u *"_ivl_400", 3 0, L_0000023498261568;  1 drivers
v000002349824a260_0 .net *"_ivl_402", 0 0, L_000002349825f620;  1 drivers
L_00000234982615b0 .functor BUFT 1, C4<000001>, C4<0>, C4<0>, C4<0>;
v000002349824a8a0_0 .net/2u *"_ivl_404", 5 0, L_00000234982615b0;  1 drivers
v000002349824a620_0 .net *"_ivl_406", 0 0, L_000002349825fd00;  1 drivers
v000002349824abc0_0 .net *"_ivl_409", 0 0, L_00000234982ad990;  1 drivers
v000002349824ac60_0 .net *"_ivl_41", 0 0, L_00000234981dad10;  1 drivers
L_00000234982615f8 .functor BUFT 1, C4<00001>, C4<0>, C4<0>, C4<0>;
v000002349824d860_0 .net/2u *"_ivl_410", 4 0, L_00000234982615f8;  1 drivers
v000002349824d900_0 .net *"_ivl_412", 0 0, L_000002349825fbc0;  1 drivers
v000002349824cb40_0 .net *"_ivl_415", 0 0, L_00000234982adbc0;  1 drivers
v000002349824e580_0 .net/2u *"_ivl_416", 0 0, L_0000023498261640;  1 drivers
v000002349824d720_0 .net *"_ivl_418", 0 0, L_00000234982ad290;  1 drivers
v000002349824d540_0 .net *"_ivl_421", 0 0, L_00000234982ad6f0;  1 drivers
v000002349824d040_0 .net *"_ivl_423", 0 0, L_00000234982ad1b0;  1 drivers
L_0000023498261688 .functor BUFT 1, C4<10>, C4<0>, C4<0>, C4<0>;
v000002349824c320_0 .net/2u *"_ivl_424", 1 0, L_0000023498261688;  1 drivers
L_00000234982616d0 .functor BUFT 1, C4<0111>, C4<0>, C4<0>, C4<0>;
v000002349824c500_0 .net/2u *"_ivl_426", 3 0, L_00000234982616d0;  1 drivers
v000002349824db80_0 .net *"_ivl_428", 0 0, L_000002349825eea0;  1 drivers
v000002349824d180_0 .net *"_ivl_43", 0 0, L_00000234981dad80;  1 drivers
L_0000023498261718 .functor BUFT 1, C4<000010>, C4<0>, C4<0>, C4<0>;
v000002349824c820_0 .net/2u *"_ivl_430", 5 0, L_0000023498261718;  1 drivers
v000002349824cf00_0 .net *"_ivl_432", 0 0, L_000002349825f1c0;  1 drivers
v000002349824c640_0 .net *"_ivl_435", 0 0, L_00000234982adc30;  1 drivers
L_0000023498261760 .functor BUFT 1, C4<01>, C4<0>, C4<0>, C4<0>;
v000002349824d400_0 .net/2u *"_ivl_436", 1 0, L_0000023498261760;  1 drivers
L_00000234982617a8 .functor BUFT 1, C4<0111>, C4<0>, C4<0>, C4<0>;
v000002349824e080_0 .net/2u *"_ivl_438", 3 0, L_00000234982617a8;  1 drivers
L_00000234982601b8 .functor BUFT 1, C4<0111>, C4<0>, C4<0>, C4<0>;
v000002349824e1c0_0 .net/2u *"_ivl_44", 3 0, L_00000234982601b8;  1 drivers
v000002349824e3a0_0 .net *"_ivl_440", 0 0, L_000002349825f300;  1 drivers
L_00000234982617f0 .functor BUFT 1, C4<000011>, C4<0>, C4<0>, C4<0>;
v000002349824ca00_0 .net/2u *"_ivl_442", 5 0, L_00000234982617f0;  1 drivers
v000002349824cfa0_0 .net *"_ivl_444", 0 0, L_000002349825f940;  1 drivers
v000002349824c000_0 .net *"_ivl_447", 0 0, L_00000234982add80;  1 drivers
L_0000023498261838 .functor BUFT 1, C4<01>, C4<0>, C4<0>, C4<0>;
v000002349824d2c0_0 .net/2u *"_ivl_448", 1 0, L_0000023498261838;  1 drivers
L_0000023498261880 .functor BUFT 1, C4<0111>, C4<0>, C4<0>, C4<0>;
v000002349824caa0_0 .net/2u *"_ivl_450", 3 0, L_0000023498261880;  1 drivers
v000002349824c460_0 .net *"_ivl_452", 0 0, L_000002349825eb80;  1 drivers
L_00000234982618c8 .functor BUFT 1, C4<000000>, C4<0>, C4<0>, C4<0>;
v000002349824c140_0 .net/2u *"_ivl_454", 5 0, L_00000234982618c8;  1 drivers
v000002349824e120_0 .net *"_ivl_456", 0 0, L_000002349825fda0;  1 drivers
v000002349824c0a0_0 .net *"_ivl_459", 0 0, L_00000234982ad3e0;  1 drivers
v000002349824d9a0_0 .net *"_ivl_46", 0 0, L_000002349825c1a0;  1 drivers
L_0000023498261910 .functor BUFT 1, C4<001000>, C4<0>, C4<0>, C4<0>;
v000002349824cbe0_0 .net/2u *"_ivl_460", 5 0, L_0000023498261910;  1 drivers
v000002349824de00_0 .net *"_ivl_462", 0 0, L_000002349825fc60;  1 drivers
v000002349824da40_0 .net *"_ivl_465", 0 0, L_00000234982ad370;  1 drivers
L_0000023498261958 .functor BUFT 1, C4<11>, C4<0>, C4<0>, C4<0>;
v000002349824c3c0_0 .net/2u *"_ivl_466", 1 0, L_0000023498261958;  1 drivers
L_00000234982619a0 .functor BUFT 1, C4<00>, C4<0>, C4<0>, C4<0>;
v000002349824c5a0_0 .net/2u *"_ivl_468", 1 0, L_00000234982619a0;  1 drivers
v000002349824cd20_0 .net *"_ivl_470", 1 0, L_000002349825f440;  1 drivers
v000002349824cc80_0 .net *"_ivl_472", 1 0, L_000002349825f800;  1 drivers
v000002349824c780_0 .net *"_ivl_474", 1 0, L_000002349825e7c0;  1 drivers
L_00000234982619e8 .functor BUFT 1, C4<0100>, C4<0>, C4<0>, C4<0>;
v000002349824dae0_0 .net/2u *"_ivl_478", 3 0, L_00000234982619e8;  1 drivers
v000002349824d220_0 .net *"_ivl_480", 0 0, L_000002349825f6c0;  1 drivers
L_0000023498261a30 .functor BUFT 1, C4<101011>, C4<0>, C4<0>, C4<0>;
v000002349824dd60_0 .net/2u *"_ivl_482", 5 0, L_0000023498261a30;  1 drivers
v000002349824c6e0_0 .net *"_ivl_484", 0 0, L_000002349825f9e0;  1 drivers
L_0000023498261a78 .functor BUFT 1, C4<101000>, C4<0>, C4<0>, C4<0>;
v000002349824e4e0_0 .net/2u *"_ivl_486", 5 0, L_0000023498261a78;  1 drivers
v000002349824c8c0_0 .net *"_ivl_488", 0 0, L_000002349825f3a0;  1 drivers
v000002349824c960_0 .net *"_ivl_49", 0 0, L_00000234981db1e0;  1 drivers
v000002349824c1e0_0 .net *"_ivl_491", 0 0, L_00000234982ad610;  1 drivers
L_0000023498261ac0 .functor BUFT 1, C4<001000>, C4<0>, C4<0>, C4<0>;
v000002349824d0e0_0 .net/2u *"_ivl_494", 5 0, L_0000023498261ac0;  1 drivers
v000002349824dea0_0 .net *"_ivl_496", 0 0, L_000002349825e860;  1 drivers
L_0000023498261b08 .functor BUFT 1, C4<01>, C4<0>, C4<0>, C4<0>;
v000002349824cdc0_0 .net/2u *"_ivl_498", 1 0, L_0000023498261b08;  1 drivers
v000002349824e6c0_0 .net *"_ivl_50", 0 0, L_00000234981db090;  1 drivers
L_0000023498261b50 .functor BUFT 1, C4<000000>, C4<0>, C4<0>, C4<0>;
v000002349824c280_0 .net/2u *"_ivl_500", 5 0, L_0000023498261b50;  1 drivers
v000002349824ce60_0 .net *"_ivl_502", 0 0, L_000002349825eae0;  1 drivers
L_0000023498261b98 .functor BUFT 1, C4<101010>, C4<0>, C4<0>, C4<0>;
v000002349824e260_0 .net/2u *"_ivl_504", 5 0, L_0000023498261b98;  1 drivers
v000002349824d360_0 .net *"_ivl_506", 0 0, L_000002349825ec20;  1 drivers
v000002349824d4a0_0 .net *"_ivl_509", 0 0, L_00000234982ad450;  1 drivers
L_0000023498261be0 .functor BUFT 1, C4<10>, C4<0>, C4<0>, C4<0>;
v000002349824d5e0_0 .net/2u *"_ivl_510", 1 0, L_0000023498261be0;  1 drivers
L_0000023498261c28 .functor BUFT 1, C4<00>, C4<0>, C4<0>, C4<0>;
v000002349824d7c0_0 .net/2u *"_ivl_512", 1 0, L_0000023498261c28;  1 drivers
v000002349824d680_0 .net *"_ivl_514", 1 0, L_000002349825fa80;  1 drivers
L_0000023498261c70 .functor BUFT 1, C4<100000>, C4<0>, C4<0>, C4<0>;
v000002349824e300_0 .net/2u *"_ivl_518", 5 0, L_0000023498261c70;  1 drivers
L_0000023498260200 .functor BUFT 1, C4<0110>, C4<0>, C4<0>, C4<0>;
v000002349824dc20_0 .net/2u *"_ivl_52", 3 0, L_0000023498260200;  1 drivers
v000002349824dcc0_0 .net *"_ivl_520", 0 0, L_000002349825f8a0;  1 drivers
L_0000023498261cb8 .functor BUFT 1, C4<101000>, C4<0>, C4<0>, C4<0>;
v000002349824df40_0 .net/2u *"_ivl_522", 5 0, L_0000023498261cb8;  1 drivers
v000002349824dfe0_0 .net *"_ivl_524", 0 0, L_000002349825ef40;  1 drivers
v000002349824e440_0 .net *"_ivl_54", 0 0, L_000002349825c920;  1 drivers
L_0000023498260248 .functor BUFT 1, C4<000100>, C4<0>, C4<0>, C4<0>;
v000002349824e620_0 .net/2u *"_ivl_56", 5 0, L_0000023498260248;  1 drivers
v000002349824bf60_0 .net *"_ivl_58", 0 0, L_000002349825e5e0;  1 drivers
v000002349824f700_0 .net *"_ivl_6", 0 0, L_000002349825c6a0;  1 drivers
v000002349824eee0_0 .net *"_ivl_61", 0 0, L_00000234981da610;  1 drivers
v000002349824fca0_0 .net/2u *"_ivl_62", 0 0, L_0000023498260290;  1 drivers
v000002349824ec60_0 .net *"_ivl_64", 0 0, L_00000234981dae60;  1 drivers
v000002349824f480_0 .net *"_ivl_67", 0 0, L_00000234981db410;  1 drivers
v000002349824fac0_0 .net *"_ivl_68", 0 0, L_00000234981db480;  1 drivers
L_00000234982602d8 .functor BUFT 1, C4<0110>, C4<0>, C4<0>, C4<0>;
v000002349824fde0_0 .net/2u *"_ivl_70", 3 0, L_00000234982602d8;  1 drivers
v000002349824ef80_0 .net *"_ivl_72", 0 0, L_000002349825c7e0;  1 drivers
L_0000023498260320 .functor BUFT 1, C4<000001>, C4<0>, C4<0>, C4<0>;
v000002349824fb60_0 .net/2u *"_ivl_74", 5 0, L_0000023498260320;  1 drivers
v000002349824fc00_0 .net *"_ivl_76", 0 0, L_000002349825cf60;  1 drivers
v000002349824f0c0_0 .net *"_ivl_79", 0 0, L_00000234981dadf0;  1 drivers
L_0000023498260008 .functor BUFT 1, C4<000011>, C4<0>, C4<0>, C4<0>;
v000002349824fd40_0 .net/2u *"_ivl_8", 5 0, L_0000023498260008;  1 drivers
L_0000023498260368 .functor BUFT 1, C4<00001>, C4<0>, C4<0>, C4<0>;
v000002349824e760_0 .net/2u *"_ivl_80", 4 0, L_0000023498260368;  1 drivers
v000002349824ed00_0 .net *"_ivl_82", 0 0, L_000002349825c4c0;  1 drivers
v000002349824f840_0 .net *"_ivl_85", 0 0, L_00000234981da760;  1 drivers
v000002349824e800_0 .net/2u *"_ivl_86", 0 0, L_00000234982603b0;  1 drivers
v000002349824e8a0_0 .net *"_ivl_88", 0 0, L_00000234981daf40;  1 drivers
v000002349824f8e0_0 .net *"_ivl_91", 0 0, L_00000234981da7d0;  1 drivers
v000002349824eb20_0 .net *"_ivl_92", 0 0, L_00000234981da6f0;  1 drivers
L_00000234982603f8 .functor BUFT 1, C4<1000>, C4<0>, C4<0>, C4<0>;
v000002349824f660_0 .net/2u *"_ivl_94", 3 0, L_00000234982603f8;  1 drivers
v000002349824f020_0 .net *"_ivl_96", 0 0, L_000002349825daa0;  1 drivers
v000002349824f160_0 .net "clk", 0 0, v000002349825c880_0;  alias, 1 drivers
v000002349824f980_0 .net "flow", 0 0, L_00000234982ad760;  alias, 1 drivers
v000002349824f200_0 .var "fsm", 3 0;
v000002349824ebc0_0 .net "funct", 5 0, L_000002349825f080;  alias, 1 drivers
v000002349824f5c0_0 .net "opcode", 5 0, L_000002349825efe0;  alias, 1 drivers
v000002349824f520_0 .net "pos", 0 0, L_00000234982b0450;  alias, 1 drivers
v000002349824f7a0_0 .net "rs", 4 0, L_000002349825f260;  alias, 1 drivers
v000002349824f2a0_0 .net "rst", 0 0, v000002349825e0e0_0;  alias, 1 drivers
v000002349824eda0_0 .net "rt", 4 0, L_000002349825f120;  alias, 1 drivers
v000002349824fa20_0 .net "zero", 0 0, L_00000234982ada00;  alias, 1 drivers
E_00000234981e7060 .event posedge, v000002349824f160_0;
L_000002349825d1e0 .cmp/eq 4, v000002349824f200_0, L_000002349825ff78;
L_000002349825c6a0 .cmp/eq 6, L_000002349825efe0, L_000002349825ffc0;
L_000002349825cce0 .cmp/eq 6, L_000002349825efe0, L_0000023498260008;
L_000002349825c060 .cmp/eq 6, L_000002349825efe0, L_0000023498260050;
L_000002349825c600 .cmp/eq 6, L_000002349825f080, L_0000023498260098;
L_000002349825e360 .cmp/eq 6, L_000002349825efe0, L_00000234982600e0;
L_000002349825cd80 .cmp/eq 6, L_000002349825f080, L_0000023498260128;
L_000002349825c740 .cmp/eq 5, L_000002349825f260, L_0000023498260170;
L_000002349825c1a0 .cmp/eq 4, v000002349824f200_0, L_00000234982601b8;
L_000002349825c920 .cmp/eq 4, v000002349824f200_0, L_0000023498260200;
L_000002349825e5e0 .cmp/eq 6, L_000002349825efe0, L_0000023498260248;
L_000002349825c7e0 .cmp/eq 4, v000002349824f200_0, L_00000234982602d8;
L_000002349825cf60 .cmp/eq 6, L_000002349825efe0, L_0000023498260320;
L_000002349825c4c0 .cmp/eq 5, L_000002349825f120, L_0000023498260368;
L_000002349825daa0 .cmp/eq 4, v000002349824f200_0, L_00000234982603f8;
L_000002349825c2e0 .cmp/eq 4, v000002349824f200_0, L_0000023498260440;
L_000002349825d000 .cmp/eq 6, L_000002349825efe0, L_0000023498260488;
L_000002349825ce20 .cmp/eq 6, L_000002349825efe0, L_00000234982604d0;
L_000002349825d5a0 .cmp/eq 6, L_000002349825efe0, L_0000023498260560;
L_000002349825ddc0 .functor MUXZ 3, L_00000234982605f0, L_00000234982605a8, L_000002349825d5a0, C4<>;
L_000002349825d0a0 .functor MUXZ 3, L_000002349825ddc0, L_0000023498260518, L_00000234981da920, C4<>;
L_000002349825c9c0 .cmp/eq 6, L_000002349825efe0, L_0000023498260638;
L_000002349825d780 .cmp/eq 6, L_000002349825f080, L_0000023498260680;
L_000002349825d140 .cmp/eq 6, L_000002349825f080, L_00000234982606c8;
L_000002349825d8c0 .cmp/eq 6, L_000002349825f080, L_0000023498260710;
L_000002349825c560 .cmp/eq 6, L_000002349825efe0, L_00000234982607a0;
L_000002349825d280 .cmp/eq 6, L_000002349825efe0, L_0000023498260830;
L_000002349825e220 .functor MUXZ 2, L_0000023498260908, L_00000234982608c0, L_00000234981db020, C4<>;
L_000002349825cec0 .functor MUXZ 2, L_000002349825e220, L_00000234982607e8, L_000002349825c560, C4<>;
L_000002349825d320 .functor MUXZ 2, L_000002349825cec0, L_0000023498260758, L_00000234981db2c0, C4<>;
L_000002349825ca60 .cmp/eq 6, L_000002349825efe0, L_0000023498260950;
L_000002349825dfa0 .cmp/eq 6, L_000002349825efe0, L_0000023498260998;
L_000002349825e4a0 .cmp/eq 6, L_000002349825efe0, L_00000234982609e0;
L_000002349825e180 .cmp/eq 6, L_000002349825efe0, L_0000023498260a28;
L_000002349825e680 .cmp/eq 6, L_000002349825efe0, L_0000023498260a70;
L_000002349825c240 .cmp/eq 6, L_000002349825efe0, L_0000023498260ab8;
L_000002349825c380 .cmp/eq 6, L_000002349825efe0, L_0000023498260b48;
L_000002349825de60 .functor MUXZ 2, L_0000023498260bd8, L_0000023498260b90, L_000002349825c380, C4<>;
L_000002349825db40 .functor MUXZ 2, L_000002349825de60, L_0000023498260b00, L_00000234981daa70, C4<>;
L_000002349825cb00 .cmp/eq 4, v000002349824f200_0, L_0000023498260c20;
L_000002349825d3c0 .cmp/eq 6, L_000002349825efe0, L_0000023498260c68;
L_000002349825cba0 .cmp/ne 6, L_000002349825f080, L_0000023498260cb0;
L_000002349825cc40 .cmp/eq 6, L_000002349825efe0, L_0000023498260cf8;
L_000002349825e2c0 .cmp/eq 6, L_000002349825efe0, L_0000023498260d40;
L_000002349825d460 .cmp/eq 6, L_000002349825efe0, L_0000023498260d88;
L_000002349825d500 .cmp/eq 6, L_000002349825efe0, L_0000023498260dd0;
L_000002349825bfc0 .cmp/eq 6, L_000002349825efe0, L_0000023498260e18;
L_000002349825d640 .cmp/eq 6, L_000002349825efe0, L_0000023498260e60;
L_000002349825d820 .cmp/eq 6, L_000002349825efe0, L_0000023498260ea8;
L_000002349825e720 .cmp/eq 5, L_000002349825f260, L_0000023498260ef0;
L_000002349825d960 .cmp/eq 4, v000002349824f200_0, L_0000023498260f38;
L_000002349825da00 .cmp/eq 6, L_000002349825efe0, L_0000023498260f80;
L_000002349825d6e0 .cmp/eq 6, L_000002349825efe0, L_0000023498260fc8;
L_000002349825dbe0 .cmp/eq 6, L_000002349825efe0, L_0000023498261010;
L_000002349825df00 .cmp/eq 6, L_000002349825efe0, L_0000023498261058;
L_000002349825dc80 .cmp/eq 6, L_000002349825efe0, L_00000234982610a0;
L_000002349825e400 .cmp/eq 6, L_000002349825efe0, L_00000234982610e8;
L_000002349825dd20 .cmp/eq 6, L_000002349825efe0, L_0000023498261130;
L_000002349825c100 .cmp/eq 6, L_000002349825efe0, L_0000023498261178;
L_000002349825e040 .cmp/eq 6, L_000002349825efe0, L_00000234982611c0;
L_000002349825e540 .functor MUXZ 1, L_0000023498261250, L_0000023498261208, L_00000234982adae0, C4<>;
L_000002349825c420 .cmp/eq 6, L_000002349825efe0, L_0000023498261298;
L_000002349825ed60 .cmp/eq 6, L_000002349825f080, L_00000234982612e0;
L_000002349825e9a0 .cmp/eq 6, L_000002349825efe0, L_0000023498261328;
L_000002349825ecc0 .cmp/eq 6, L_000002349825efe0, L_00000234982613b8;
L_000002349825f760 .cmp/eq 6, L_000002349825efe0, L_0000023498261400;
L_000002349825fb20 .functor MUXZ 2, L_0000023498261490, L_0000023498261448, L_00000234982ad7d0, C4<>;
L_000002349825fe40 .functor MUXZ 2, L_000002349825fb20, L_0000023498261370, L_00000234982ad220, C4<>;
L_000002349825e900 .cmp/eq 4, v000002349824f200_0, L_00000234982614d8;
L_000002349825ea40 .cmp/eq 6, L_000002349825efe0, L_0000023498261520;
L_000002349825f620 .cmp/eq 4, v000002349824f200_0, L_0000023498261568;
L_000002349825fd00 .cmp/eq 6, L_000002349825efe0, L_00000234982615b0;
L_000002349825fbc0 .cmp/eq 5, L_000002349825f120, L_00000234982615f8;
L_000002349825eea0 .cmp/eq 4, v000002349824f200_0, L_00000234982616d0;
L_000002349825f1c0 .cmp/eq 6, L_000002349825efe0, L_0000023498261718;
L_000002349825f300 .cmp/eq 4, v000002349824f200_0, L_00000234982617a8;
L_000002349825f940 .cmp/eq 6, L_000002349825efe0, L_00000234982617f0;
L_000002349825eb80 .cmp/eq 4, v000002349824f200_0, L_0000023498261880;
L_000002349825fda0 .cmp/eq 6, L_000002349825efe0, L_00000234982618c8;
L_000002349825fc60 .cmp/eq 6, L_000002349825f080, L_0000023498261910;
L_000002349825f440 .functor MUXZ 2, L_00000234982619a0, L_0000023498261958, L_00000234982ad370, C4<>;
L_000002349825f800 .functor MUXZ 2, L_000002349825f440, L_0000023498261838, L_00000234982add80, C4<>;
L_000002349825e7c0 .functor MUXZ 2, L_000002349825f800, L_0000023498261760, L_00000234982adc30, C4<>;
L_000002349825f4e0 .functor MUXZ 2, L_000002349825e7c0, L_0000023498261688, L_00000234982ad1b0, C4<>;
L_000002349825f6c0 .cmp/eq 4, v000002349824f200_0, L_00000234982619e8;
L_000002349825f9e0 .cmp/eq 6, L_000002349825efe0, L_0000023498261a30;
L_000002349825f3a0 .cmp/eq 6, L_000002349825efe0, L_0000023498261a78;
L_000002349825e860 .cmp/eq 6, L_000002349825efe0, L_0000023498261ac0;
L_000002349825eae0 .cmp/eq 6, L_000002349825efe0, L_0000023498261b50;
L_000002349825ec20 .cmp/eq 6, L_000002349825f080, L_0000023498261b98;
L_000002349825fa80 .functor MUXZ 2, L_0000023498261c28, L_0000023498261be0, L_00000234982ad450, C4<>;
L_000002349825ee00 .functor MUXZ 2, L_000002349825fa80, L_0000023498261b08, L_000002349825e860, C4<>;
L_000002349825f8a0 .cmp/eq 6, L_000002349825efe0, L_0000023498261c70;
L_000002349825ef40 .cmp/eq 6, L_000002349825efe0, L_0000023498261cb8;
S_0000023497e1ede0 .scope module, "my_datapath" "datapath" 3 42, 5 1 0, S_0000023497e13190;
 .timescale -9 -12;
    .port_info 0 /INPUT 1 "clk";
    .port_info 1 /INPUT 1 "rst";
    .port_info 2 /OUTPUT 1 "pos_out";
    .port_info 3 /OUTPUT 5 "rs_out";
    .port_info 4 /OUTPUT 5 "rt_out";
    .port_info 5 /INPUT 1 "PCWr";
    .port_info 6 /INPUT 1 "IRWr";
    .port_info 7 /INPUT 1 "GPRWr";
    .port_info 8 /INPUT 1 "Bsel";
    .port_info 9 /INPUT 1 "DMWr";
    .port_info 10 /INPUT 1 "MemByte";
    .port_info 11 /INPUT 3 "WDsel";
    .port_info 12 /INPUT 2 "GPRsel";
    .port_info 13 /INPUT 2 "Extop";
    .port_info 14 /INPUT 2 "ALUOp";
    .port_info 15 /INPUT 2 "NPCOp";
    .port_info 16 /INPUT 2 "ALUsel";
    .port_info 17 /OUTPUT 6 "opcode";
    .port_info 18 /OUTPUT 6 "funct";
    .port_info 19 /OUTPUT 1 "zero";
    .port_info 20 /OUTPUT 1 "flow";
L_00000234982ada00 .functor BUFZ 1, L_00000234982b0770, C4<0>, C4<0>, C4<0>;
L_00000234982ad760 .functor BUFZ 1, v0000023498254290_0, C4<0>, C4<0>, C4<0>;
v000002349825b890_0 .net "ALUOp", 1 0, L_000002349825fe40;  alias, 1 drivers
v000002349825afd0_0 .net "ALUsel", 1 0, L_000002349825ee00;  alias, 1 drivers
v000002349825b390_0 .net "Bsel", 0 0, L_000002349825e540;  alias, 1 drivers
v000002349825acb0_0 .net "DMWr", 0 0, L_00000234982ad920;  alias, 1 drivers
v000002349825b6b0_0 .net "Extop", 1 0, L_000002349825db40;  alias, 1 drivers
v000002349825b610_0 .net "GPRWr", 0 0, L_00000234982ade60;  alias, 1 drivers
v000002349825b750_0 .net "GPRsel", 1 0, L_000002349825d320;  alias, 1 drivers
v000002349825b430_0 .net "IRWr", 0 0, L_000002349825c2e0;  alias, 1 drivers
v000002349825ad50_0 .net "MemByte", 0 0, L_00000234982aded0;  alias, 1 drivers
v000002349825b930_0 .net "NPCOp", 1 0, L_000002349825f4e0;  alias, 1 drivers
v000002349825a8f0_0 .net "PCWr", 0 0, L_00000234981dafb0;  alias, 1 drivers
v000002349825bbb0_0 .net "WDsel", 2 0, L_000002349825d0a0;  alias, 1 drivers
L_0000023498261ef8 .functor BUFT 1, C4<000>, C4<0>, C4<0>, C4<0>;
v000002349825adf0_0 .net/2u *"_ivl_14", 2 0, L_0000023498261ef8;  1 drivers
v000002349825af30_0 .net *"_ivl_16", 0 0, L_00000234982afc30;  1 drivers
L_0000023498261f40 .functor BUFT 1, C4<001>, C4<0>, C4<0>, C4<0>;
v0000023498258d70_0 .net/2u *"_ivl_18", 2 0, L_0000023498261f40;  1 drivers
v00000234982591d0_0 .net *"_ivl_20", 0 0, L_00000234982ae650;  1 drivers
v0000023498259ef0_0 .net *"_ivl_22", 31 0, L_00000234982aedd0;  1 drivers
L_0000023498261f88 .functor BUFT 1, C4<00>, C4<0>, C4<0>, C4<0>;
v00000234982598b0_0 .net/2u *"_ivl_26", 1 0, L_0000023498261f88;  1 drivers
v00000234982596d0_0 .net *"_ivl_28", 0 0, L_00000234982afe10;  1 drivers
v000002349825a5d0_0 .net *"_ivl_31", 4 0, L_00000234982ae1f0;  1 drivers
L_0000023498261fd0 .functor BUFT 1, C4<01>, C4<0>, C4<0>, C4<0>;
v0000023498259770_0 .net/2u *"_ivl_32", 1 0, L_0000023498261fd0;  1 drivers
v0000023498259090_0 .net *"_ivl_34", 0 0, L_00000234982ae6f0;  1 drivers
v0000023498258910_0 .net *"_ivl_37", 4 0, L_00000234982b0090;  1 drivers
L_0000023498262018 .functor BUFT 1, C4<10>, C4<0>, C4<0>, C4<0>;
v0000023498259810_0 .net/2u *"_ivl_38", 1 0, L_0000023498262018;  1 drivers
v0000023498258af0_0 .net *"_ivl_40", 0 0, L_00000234982b06d0;  1 drivers
L_0000023498262060 .functor BUFT 1, C4<11110>, C4<0>, C4<0>, C4<0>;
v00000234982580f0_0 .net/2u *"_ivl_42", 4 0, L_0000023498262060;  1 drivers
L_00000234982620a8 .functor BUFT 1, C4<11111>, C4<0>, C4<0>, C4<0>;
v0000023498258870_0 .net/2u *"_ivl_44", 4 0, L_00000234982620a8;  1 drivers
v0000023498258f50_0 .net *"_ivl_46", 4 0, L_00000234982afeb0;  1 drivers
v0000023498258e10_0 .net *"_ivl_48", 4 0, L_00000234982ae790;  1 drivers
v00000234982593b0_0 .net "alu_out", 31 0, v0000023498254330_0;  1 drivers
v0000023498259950_0 .net "alu_out_r", 31 0, v00000234982537f0_0;  1 drivers
v00000234982584b0_0 .net "clk", 0 0, v000002349825c880_0;  alias, 1 drivers
v000002349825a3f0_0 .net "dm_out", 31 0, L_00000234982af230;  1 drivers
v0000023498258eb0_0 .net "dm_out_r", 31 0, v0000023498254010_0;  1 drivers
v0000023498258ff0_0 .net "flow", 0 0, L_00000234982ad760;  alias, 1 drivers
v0000023498259130_0 .net "flow_out", 0 0, v0000023498254290_0;  1 drivers
v0000023498258050_0 .net "funct", 5 0, L_000002349825f080;  alias, 1 drivers
v00000234982585f0_0 .net "imm_ext", 31 0, v0000023498253610_0;  1 drivers
v0000023498259270_0 .net "instr", 31 0, L_00000234982af5f0;  1 drivers
v0000023498259f90_0 .net "instr_r", 31 0, v000002349825b9d0_0;  1 drivers
v0000023498258190_0 .net "jr_data", 31 0, L_00000234982ad840;  1 drivers
v00000234982599f0_0 .net "npc", 31 0, v000002349825bcf0_0;  1 drivers
v000002349825a490_0 .net "opcode", 5 0, L_000002349825efe0;  alias, 1 drivers
v0000023498259a90_0 .net "pc", 31 0, v000002349825a7b0_0;  1 drivers
v0000023498259310_0 .net "pc_4", 31 0, L_00000234982ca030;  1 drivers
v000002349825a170_0 .net "pos_out", 0 0, L_00000234982b0450;  alias, 1 drivers
v0000023498259450_0 .net "reg_a", 31 0, L_00000234982acff0;  1 drivers
v0000023498258c30_0 .net "reg_a_r", 31 0, v000002349825bd90_0;  1 drivers
v00000234982587d0_0 .net "reg_b", 31 0, L_00000234982ad060;  1 drivers
v0000023498259b30_0 .net "reg_b_r", 31 0, v000002349825b250_0;  1 drivers
v00000234982594f0_0 .net "rs_out", 4 0, L_000002349825f260;  alias, 1 drivers
v0000023498259590_0 .net "rst", 0 0, v000002349825e0e0_0;  alias, 1 drivers
v0000023498258550_0 .net "rt_out", 4 0, L_000002349825f120;  alias, 1 drivers
v0000023498259bd0_0 .net "write_data", 31 0, L_00000234982b0310;  1 drivers
v0000023498259630_0 .net "write_reg", 4 0, L_00000234982b0130;  1 drivers
v0000023498258230_0 .net "zero", 0 0, L_00000234982ada00;  alias, 1 drivers
v0000023498259c70_0 .net "zero_out", 0 0, L_00000234982b0770;  1 drivers
L_000002349825efe0 .part v000002349825b9d0_0, 26, 6;
L_000002349825f080 .part v000002349825b9d0_0, 0, 6;
L_000002349825f120 .part v000002349825b9d0_0, 16, 5;
L_000002349825f260 .part v000002349825b9d0_0, 21, 5;
L_00000234982ae5b0 .part v000002349825a7b0_0, 0, 10;
L_00000234982afc30 .cmp/eq 3, L_000002349825d0a0, L_0000023498261ef8;
L_00000234982ae650 .cmp/eq 3, L_000002349825d0a0, L_0000023498261f40;
L_00000234982aedd0 .functor MUXZ 32, L_00000234982ca030, v0000023498254010_0, L_00000234982ae650, C4<>;
L_00000234982b0310 .functor MUXZ 32, L_00000234982aedd0, v00000234982537f0_0, L_00000234982afc30, C4<>;
L_00000234982afe10 .cmp/eq 2, L_000002349825d320, L_0000023498261f88;
L_00000234982ae1f0 .part v000002349825b9d0_0, 16, 5;
L_00000234982ae6f0 .cmp/eq 2, L_000002349825d320, L_0000023498261fd0;
L_00000234982b0090 .part v000002349825b9d0_0, 11, 5;
L_00000234982b06d0 .cmp/eq 2, L_000002349825d320, L_0000023498262018;
L_00000234982afeb0 .functor MUXZ 5, L_00000234982620a8, L_0000023498262060, L_00000234982b06d0, C4<>;
L_00000234982ae790 .functor MUXZ 5, L_00000234982afeb0, L_00000234982b0090, L_00000234982ae6f0, C4<>;
L_00000234982b0130 .functor MUXZ 5, L_00000234982ae790, L_00000234982ae1f0, L_00000234982afe10, C4<>;
L_00000234982b0630 .part v000002349825b9d0_0, 21, 5;
L_00000234982af870 .part v000002349825b9d0_0, 16, 5;
L_00000234982b0590 .part v000002349825b9d0_0, 21, 5;
L_00000234982ae830 .part v000002349825b9d0_0, 0, 16;
L_00000234982aea10 .functor MUXZ 32, v000002349825b250_0, v0000023498253610_0, L_000002349825e540, C4<>;
L_00000234982af370 .part v00000234982537f0_0, 0, 10;
L_00000234982af730 .part v000002349825b9d0_0, 0, 26;
S_0000023497e1f0d0 .scope module, "my_alu" "alu" 5 134, 6 1 0, S_0000023497e1ede0;
 .timescale -9 -12;
    .port_info 0 /INPUT 32 "din1";
    .port_info 1 /INPUT 32 "din2";
    .port_info 2 /INPUT 2 "ALUsel";
    .port_info 3 /INPUT 2 "ALUOp";
    .port_info 4 /OUTPUT 32 "dout";
    .port_info 5 /OUTPUT 1 "zero";
    .port_info 6 /OUTPUT 1 "flow";
    .port_info 7 /OUTPUT 1 "pos";
L_00000234982621c8 .functor BUFT 1, C4<0>, C4<0>, C4<0>, C4<0>;
L_00000234982ad0d0 .functor XNOR 1, L_00000234982afcd0, L_00000234982621c8, C4<0>, C4<0>;
v000002349824ea80_0 .net "ALUOp", 1 0, L_000002349825fe40;  alias, 1 drivers
v000002349824ee40_0 .net "ALUsel", 1 0, L_000002349825ee00;  alias, 1 drivers
v000002349824e940_0 .net *"_ivl_1", 0 0, L_00000234982afcd0;  1 drivers
L_00000234982622a0 .functor BUFT 1, C4<00000000000000000000000000000000>, C4<0>, C4<0>, C4<0>;
v000002349824e9e0_0 .net/2u *"_ivl_12", 31 0, L_00000234982622a0;  1 drivers
v000002349824f340_0 .net *"_ivl_14", 0 0, L_00000234982aebf0;  1 drivers
L_00000234982622e8 .functor BUFT 1, C4<1>, C4<0>, C4<0>, C4<0>;
v000002349824f3e0_0 .net/2u *"_ivl_16", 0 0, L_00000234982622e8;  1 drivers
L_0000023498262330 .functor BUFT 1, C4<0>, C4<0>, C4<0>, C4<0>;
v0000023498254150_0 .net/2u *"_ivl_18", 0 0, L_0000023498262330;  1 drivers
v00000234982532f0_0 .net/2u *"_ivl_2", 0 0, L_00000234982621c8;  1 drivers
v00000234982541f0_0 .net *"_ivl_4", 0 0, L_00000234982ad0d0;  1 drivers
L_0000023498262210 .functor BUFT 1, C4<1>, C4<0>, C4<0>, C4<0>;
v00000234982546f0_0 .net/2u *"_ivl_6", 0 0, L_0000023498262210;  1 drivers
L_0000023498262258 .functor BUFT 1, C4<0>, C4<0>, C4<0>, C4<0>;
v0000023498252cb0_0 .net/2u *"_ivl_8", 0 0, L_0000023498262258;  1 drivers
v00000234982536b0_0 .net "din1", 31 0, v000002349825bd90_0;  alias, 1 drivers
v0000023498253750_0 .net "din2", 31 0, L_00000234982aea10;  1 drivers
v0000023498254330_0 .var "dout", 31 0;
v0000023498254290_0 .var "flow", 0 0;
v0000023498253430_0 .net "pos", 0 0, L_00000234982b0450;  alias, 1 drivers
v00000234982520d0_0 .var "tmp", 31 0;
v00000234982545b0_0 .net "zero", 0 0, L_00000234982b0770;  alias, 1 drivers
E_00000234981e7520/0 .event anyedge, v00000234981d4670_0, v00000234981d4350_0, v00000234982536b0_0, v0000023498253750_0;
E_00000234981e7520/1 .event anyedge, v00000234982520d0_0;
E_00000234981e7520 .event/or E_00000234981e7520/0, E_00000234981e7520/1;
L_00000234982afcd0 .part v000002349825bd90_0, 31, 1;
L_00000234982b0450 .functor MUXZ 1, L_0000023498262258, L_0000023498262210, L_00000234982ad0d0, C4<>;
L_00000234982aebf0 .cmp/eq 32, v0000023498254330_0, L_00000234982622a0;
L_00000234982b0770 .functor MUXZ 1, L_0000023498262330, L_00000234982622e8, L_00000234982aebf0, C4<>;
S_0000023497e28630 .scope module, "my_aluout" "aluout" 5 147, 7 1 0, S_0000023497e1ede0;
 .timescale -9 -12;
    .port_info 0 /INPUT 1 "clk";
    .port_info 1 /INPUT 32 "din";
    .port_info 2 /OUTPUT 32 "dout";
v0000023498252210_0 .net "clk", 0 0, v000002349825c880_0;  alias, 1 drivers
v0000023498252d50_0 .net "din", 31 0, v0000023498254330_0;  alias, 1 drivers
v00000234982537f0_0 .var "dout", 31 0;
S_0000023497e287c0 .scope module, "my_dm" "dm_1k" 5 157, 8 1 0, S_0000023497e1ede0;
 .timescale -9 -12;
    .port_info 0 /INPUT 10 "addr";
    .port_info 1 /INPUT 1 "rst";
    .port_info 2 /INPUT 32 "din";
    .port_info 3 /INPUT 1 "we";
    .port_info 4 /INPUT 1 "clk";
    .port_info 5 /OUTPUT 32 "dout";
    .port_info 6 /INPUT 1 "MemByte";
L_0000023498262378 .functor BUFT 1, C4<1>, C4<0>, C4<0>, C4<0>;
L_00000234982ad140 .functor XNOR 1, L_00000234982aded0, L_0000023498262378, C4<0>, C4<0>;
v00000234982523f0_0 .net "MemByte", 0 0, L_00000234982aded0;  alias, 1 drivers
v0000023498254650_0 .net/2u *"_ivl_0", 0 0, L_0000023498262378;  1 drivers
v00000234982543d0_0 .net *"_ivl_11", 0 0, L_00000234982ae010;  1 drivers
v00000234982534d0_0 .net *"_ivl_12", 23 0, L_00000234982aeb50;  1 drivers
v0000023498253cf0_0 .net *"_ivl_14", 7 0, L_00000234982ae0b0;  1 drivers
v0000023498252350_0 .net *"_ivl_16", 11 0, L_00000234982ae150;  1 drivers
L_0000023498262408 .functor BUFT 1, C4<00>, C4<0>, C4<0>, C4<0>;
v0000023498252530_0 .net *"_ivl_19", 1 0, L_0000023498262408;  1 drivers
v0000023498254470_0 .net *"_ivl_2", 0 0, L_00000234982ad140;  1 drivers
v0000023498253890_0 .net *"_ivl_20", 31 0, L_00000234982ae330;  1 drivers
v0000023498252710_0 .net *"_ivl_22", 7 0, L_00000234982af9b0;  1 drivers
v00000234982527b0_0 .net *"_ivl_24", 31 0, L_00000234982ae470;  1 drivers
L_0000023498262450 .functor BUFT 1, C4<0000000000000000000000>, C4<0>, C4<0>, C4<0>;
v0000023498253570_0 .net *"_ivl_27", 21 0, L_0000023498262450;  1 drivers
L_0000023498262498 .functor BUFT 1, C4<00000000000000000000000000000011>, C4<0>, C4<0>, C4<0>;
v00000234982528f0_0 .net/2u *"_ivl_28", 31 0, L_0000023498262498;  1 drivers
v0000023498253930_0 .net *"_ivl_30", 31 0, L_00000234982aefb0;  1 drivers
v0000023498252ad0_0 .net *"_ivl_32", 7 0, L_00000234982ae970;  1 drivers
v00000234982531b0_0 .net *"_ivl_34", 31 0, L_00000234982aec90;  1 drivers
L_00000234982624e0 .functor BUFT 1, C4<0000000000000000000000>, C4<0>, C4<0>, C4<0>;
v0000023498254510_0 .net *"_ivl_37", 21 0, L_00000234982624e0;  1 drivers
L_0000023498262528 .functor BUFT 1, C4<00000000000000000000000000000010>, C4<0>, C4<0>, C4<0>;
v0000023498252670_0 .net/2u *"_ivl_38", 31 0, L_0000023498262528;  1 drivers
v0000023498252c10_0 .net *"_ivl_4", 7 0, L_00000234982ae8d0;  1 drivers
v0000023498252df0_0 .net *"_ivl_40", 31 0, L_00000234982aed30;  1 drivers
v00000234982540b0_0 .net *"_ivl_42", 7 0, L_00000234982aee70;  1 drivers
v0000023498253bb0_0 .net *"_ivl_44", 31 0, L_00000234982af910;  1 drivers
L_0000023498262570 .functor BUFT 1, C4<0000000000000000000000>, C4<0>, C4<0>, C4<0>;
v0000023498251f90_0 .net *"_ivl_47", 21 0, L_0000023498262570;  1 drivers
L_00000234982625b8 .functor BUFT 1, C4<00000000000000000000000000000001>, C4<0>, C4<0>, C4<0>;
v0000023498252030_0 .net/2u *"_ivl_48", 31 0, L_00000234982625b8;  1 drivers
v0000023498252170_0 .net *"_ivl_50", 31 0, L_00000234982af0f0;  1 drivers
v00000234982525d0_0 .net *"_ivl_52", 7 0, L_00000234982af4b0;  1 drivers
v0000023498253070_0 .net *"_ivl_54", 11 0, L_00000234982af190;  1 drivers
L_0000023498262600 .functor BUFT 1, C4<00>, C4<0>, C4<0>, C4<0>;
v0000023498253f70_0 .net *"_ivl_57", 1 0, L_0000023498262600;  1 drivers
v00000234982522b0_0 .net *"_ivl_58", 31 0, L_00000234982afd70;  1 drivers
v00000234982539d0_0 .net *"_ivl_6", 11 0, L_00000234982af050;  1 drivers
L_00000234982623c0 .functor BUFT 1, C4<00>, C4<0>, C4<0>, C4<0>;
v0000023498252490_0 .net *"_ivl_9", 1 0, L_00000234982623c0;  1 drivers
v0000023498253a70_0 .net "addr", 9 0, L_00000234982af370;  1 drivers
v0000023498252e90_0 .net "clk", 0 0, v000002349825c880_0;  alias, 1 drivers
v0000023498252850_0 .net "din", 31 0, v000002349825b250_0;  alias, 1 drivers
v0000023498252f30 .array "dm", 1023 0, 7 0;
v0000023498253d90_0 .net "dout", 31 0, L_00000234982af230;  alias, 1 drivers
v0000023498252fd0_0 .var/i "i", 31 0;
v0000023498252990_0 .net "rst", 0 0, v000002349825e0e0_0;  alias, 1 drivers
v0000023498252a30_0 .net "we", 0 0, L_00000234982ad920;  alias, 1 drivers
L_00000234982ae8d0 .array/port v0000023498252f30, L_00000234982af050;
L_00000234982af050 .concat [ 10 2 0 0], L_00000234982af370, L_00000234982623c0;
L_00000234982ae010 .part L_00000234982ae8d0, 7, 1;
LS_00000234982aeb50_0_0 .concat [ 1 1 1 1], L_00000234982ae010, L_00000234982ae010, L_00000234982ae010, L_00000234982ae010;
LS_00000234982aeb50_0_4 .concat [ 1 1 1 1], L_00000234982ae010, L_00000234982ae010, L_00000234982ae010, L_00000234982ae010;
LS_00000234982aeb50_0_8 .concat [ 1 1 1 1], L_00000234982ae010, L_00000234982ae010, L_00000234982ae010, L_00000234982ae010;
LS_00000234982aeb50_0_12 .concat [ 1 1 1 1], L_00000234982ae010, L_00000234982ae010, L_00000234982ae010, L_00000234982ae010;
LS_00000234982aeb50_0_16 .concat [ 1 1 1 1], L_00000234982ae010, L_00000234982ae010, L_00000234982ae010, L_00000234982ae010;
LS_00000234982aeb50_0_20 .concat [ 1 1 1 1], L_00000234982ae010, L_00000234982ae010, L_00000234982ae010, L_00000234982ae010;
LS_00000234982aeb50_1_0 .concat [ 4 4 4 4], LS_00000234982aeb50_0_0, LS_00000234982aeb50_0_4, LS_00000234982aeb50_0_8, LS_00000234982aeb50_0_12;
LS_00000234982aeb50_1_4 .concat [ 4 4 0 0], LS_00000234982aeb50_0_16, LS_00000234982aeb50_0_20;
L_00000234982aeb50 .concat [ 16 8 0 0], LS_00000234982aeb50_1_0, LS_00000234982aeb50_1_4;
L_00000234982ae0b0 .array/port v0000023498252f30, L_00000234982ae150;
L_00000234982ae150 .concat [ 10 2 0 0], L_00000234982af370, L_0000023498262408;
L_00000234982ae330 .concat [ 8 24 0 0], L_00000234982ae0b0, L_00000234982aeb50;
L_00000234982af9b0 .array/port v0000023498252f30, L_00000234982aefb0;
L_00000234982ae470 .concat [ 10 22 0 0], L_00000234982af370, L_0000023498262450;
L_00000234982aefb0 .arith/sum 32, L_00000234982ae470, L_0000023498262498;
L_00000234982ae970 .array/port v0000023498252f30, L_00000234982aed30;
L_00000234982aec90 .concat [ 10 22 0 0], L_00000234982af370, L_00000234982624e0;
L_00000234982aed30 .arith/sum 32, L_00000234982aec90, L_0000023498262528;
L_00000234982aee70 .array/port v0000023498252f30, L_00000234982af0f0;
L_00000234982af910 .concat [ 10 22 0 0], L_00000234982af370, L_0000023498262570;
L_00000234982af0f0 .arith/sum 32, L_00000234982af910, L_00000234982625b8;
L_00000234982af4b0 .array/port v0000023498252f30, L_00000234982af190;
L_00000234982af190 .concat [ 10 2 0 0], L_00000234982af370, L_0000023498262600;
L_00000234982afd70 .concat [ 8 8 8 8], L_00000234982af4b0, L_00000234982aee70, L_00000234982ae970, L_00000234982af9b0;
L_00000234982af230 .functor MUXZ 32, L_00000234982afd70, L_00000234982ae330, L_00000234982ad140, C4<>;
S_0000023497dd5320 .scope module, "my_dr" "dr" 5 169, 9 1 0, S_0000023497e1ede0;
 .timescale -9 -12;
    .port_info 0 /INPUT 1 "clk";
    .port_info 1 /INPUT 32 "din";
    .port_info 2 /OUTPUT 32 "dout";
v0000023498253110_0 .net "clk", 0 0, v000002349825c880_0;  alias, 1 drivers
v0000023498252b70_0 .net "din", 31 0, L_00000234982af230;  alias, 1 drivers
v0000023498254010_0 .var "dout", 31 0;
S_0000023497e25310 .scope module, "my_ext" "ext" 5 126, 10 1 0, S_0000023497e1ede0;
 .timescale -9 -12;
    .port_info 0 /INPUT 16 "din";
    .port_info 1 /INPUT 2 "Extop";
    .port_info 2 /OUTPUT 32 "dout";
v0000023498253250_0 .net "Extop", 1 0, L_000002349825db40;  alias, 1 drivers
v0000023498253390_0 .net "din", 15 0, L_00000234982ae830;  1 drivers
v0000023498253610_0 .var "dout", 31 0;
E_00000234981e72e0 .event anyedge, v00000234981d4f30_0, v0000023498253390_0;
S_0000023497e254a0 .scope module, "my_gpr" "gpr" 5 97, 11 1 0, S_0000023497e1ede0;
 .timescale -9 -12;
    .port_info 0 /INPUT 1 "clk";
    .port_info 1 /INPUT 1 "rst";
    .port_info 2 /INPUT 5 "reg1";
    .port_info 3 /INPUT 5 "reg2";
    .port_info 4 /INPUT 1 "GPRWr";
    .port_info 5 /INPUT 32 "write_data";
    .port_info 6 /INPUT 5 "write_reg";
    .port_info 7 /OUTPUT 32 "read_data1";
    .port_info 8 /OUTPUT 32 "read_data2";
    .port_info 9 /INPUT 5 "reg_in";
    .port_info 10 /OUTPUT 32 "data_out";
L_00000234982acff0 .functor BUFZ 32, L_00000234982af7d0, C4<00000000000000000000000000000000>, C4<00000000000000000000000000000000>, C4<00000000000000000000000000000000>;
L_00000234982ad060 .functor BUFZ 32, L_00000234982ae290, C4<00000000000000000000000000000000>, C4<00000000000000000000000000000000>, C4<00000000000000000000000000000000>;
L_00000234982ad840 .functor BUFZ 32, L_00000234982aeab0, C4<00000000000000000000000000000000>, C4<00000000000000000000000000000000>, C4<00000000000000000000000000000000>;
v0000023498253c50_0 .net "GPRWr", 0 0, L_00000234982ade60;  alias, 1 drivers
v0000023498253b10_0 .net *"_ivl_0", 31 0, L_00000234982af7d0;  1 drivers
v0000023498253e30_0 .net *"_ivl_10", 6 0, L_00000234982b01d0;  1 drivers
L_0000023498262138 .functor BUFT 1, C4<00>, C4<0>, C4<0>, C4<0>;
v0000023498253ed0_0 .net *"_ivl_13", 1 0, L_0000023498262138;  1 drivers
v0000023498254a10_0 .net *"_ivl_16", 31 0, L_00000234982aeab0;  1 drivers
v00000234982559b0_0 .net *"_ivl_18", 6 0, L_00000234982b03b0;  1 drivers
v0000023498254830_0 .net *"_ivl_2", 6 0, L_00000234982af2d0;  1 drivers
L_0000023498262180 .functor BUFT 1, C4<00>, C4<0>, C4<0>, C4<0>;
v0000023498255690_0 .net *"_ivl_21", 1 0, L_0000023498262180;  1 drivers
L_00000234982620f0 .functor BUFT 1, C4<00>, C4<0>, C4<0>, C4<0>;
v0000023498255cd0_0 .net *"_ivl_5", 1 0, L_00000234982620f0;  1 drivers
v0000023498255050_0 .net *"_ivl_8", 31 0, L_00000234982ae290;  1 drivers
v0000023498254f10_0 .net "clk", 0 0, v000002349825c880_0;  alias, 1 drivers
v0000023498255af0_0 .net "data_out", 31 0, L_00000234982ad840;  alias, 1 drivers
v0000023498255190_0 .var/i "i", 31 0;
v0000023498255870_0 .net "read_data1", 31 0, L_00000234982acff0;  alias, 1 drivers
v0000023498255d70_0 .net "read_data2", 31 0, L_00000234982ad060;  alias, 1 drivers
v0000023498255e10_0 .net "reg1", 4 0, L_00000234982b0630;  1 drivers
v0000023498255b90_0 .net "reg2", 4 0, L_00000234982af870;  1 drivers
v0000023498254ab0_0 .net "reg_in", 4 0, L_00000234982b0590;  1 drivers
v00000234982557d0 .array "regs", 31 0, 31 0;
v0000023498254790_0 .net "rst", 0 0, v000002349825e0e0_0;  alias, 1 drivers
v0000023498254fb0_0 .net "write_data", 31 0, L_00000234982b0310;  alias, 1 drivers
v0000023498254b50_0 .net "write_reg", 4 0, L_00000234982b0130;  alias, 1 drivers
L_00000234982af7d0 .array/port v00000234982557d0, L_00000234982af2d0;
L_00000234982af2d0 .concat [ 5 2 0 0], L_00000234982b0630, L_00000234982620f0;
L_00000234982ae290 .array/port v00000234982557d0, L_00000234982b01d0;
L_00000234982b01d0 .concat [ 5 2 0 0], L_00000234982af870, L_0000023498262138;
L_00000234982aeab0 .array/port v00000234982557d0, L_00000234982b03b0;
L_00000234982b03b0 .concat [ 5 2 0 0], L_00000234982b0590, L_0000023498262180;
S_0000023497e176a0 .scope module, "my_im" "im_1k" 5 73, 12 1 0, S_0000023497e1ede0;
 .timescale -9 -12;
    .port_info 0 /INPUT 10 "addr";
    .port_info 1 /OUTPUT 32 "dout";
v00000234982548d0_0 .net *"_ivl_0", 7 0, L_000002349825f580;  1 drivers
L_0000023498261d48 .functor BUFT 1, C4<0000000000000000000000>, C4<0>, C4<0>, C4<0>;
v0000023498254970_0 .net *"_ivl_11", 21 0, L_0000023498261d48;  1 drivers
L_0000023498261d90 .functor BUFT 1, C4<00000000000000000000000000000001>, C4<0>, C4<0>, C4<0>;
v0000023498254c90_0 .net/2u *"_ivl_12", 31 0, L_0000023498261d90;  1 drivers
v0000023498254bf0_0 .net *"_ivl_14", 31 0, L_00000234982afa50;  1 drivers
v0000023498255910_0 .net *"_ivl_16", 7 0, L_00000234982ae510;  1 drivers
v0000023498254e70_0 .net *"_ivl_18", 31 0, L_00000234982b04f0;  1 drivers
v0000023498255a50_0 .net *"_ivl_2", 14 0, L_00000234982afaf0;  1 drivers
L_0000023498261dd8 .functor BUFT 1, C4<0000000000000000000000>, C4<0>, C4<0>, C4<0>;
v0000023498254d30_0 .net *"_ivl_21", 21 0, L_0000023498261dd8;  1 drivers
L_0000023498261e20 .functor BUFT 1, C4<00000000000000000000000000000010>, C4<0>, C4<0>, C4<0>;
v0000023498254dd0_0 .net/2u *"_ivl_22", 31 0, L_0000023498261e20;  1 drivers
v0000023498255730_0 .net *"_ivl_24", 31 0, L_00000234982afff0;  1 drivers
v00000234982554b0_0 .net *"_ivl_26", 7 0, L_00000234982ae3d0;  1 drivers
v00000234982550f0_0 .net *"_ivl_28", 31 0, L_00000234982aff50;  1 drivers
L_0000023498261e68 .functor BUFT 1, C4<0000000000000000000000>, C4<0>, C4<0>, C4<0>;
v0000023498255230_0 .net *"_ivl_31", 21 0, L_0000023498261e68;  1 drivers
L_0000023498261eb0 .functor BUFT 1, C4<00000000000000000000000000000011>, C4<0>, C4<0>, C4<0>;
v00000234982552d0_0 .net/2u *"_ivl_32", 31 0, L_0000023498261eb0;  1 drivers
v0000023498255370_0 .net *"_ivl_34", 31 0, L_00000234982b0270;  1 drivers
L_0000023498261d00 .functor BUFT 1, C4<00000>, C4<0>, C4<0>, C4<0>;
v0000023498255410_0 .net *"_ivl_5", 4 0, L_0000023498261d00;  1 drivers
v0000023498255550_0 .net *"_ivl_6", 7 0, L_00000234982afb90;  1 drivers
v00000234982555f0_0 .net *"_ivl_8", 31 0, L_00000234982aef10;  1 drivers
v0000023498255c30_0 .net "addr", 9 0, L_00000234982ae5b0;  1 drivers
v000002349825ba70_0 .net "dout", 31 0, L_00000234982af5f0;  alias, 1 drivers
v000002349825b4d0 .array "im", 8191 0, 7 0;
L_000002349825f580 .array/port v000002349825b4d0, L_00000234982afaf0;
L_00000234982afaf0 .concat [ 10 5 0 0], L_00000234982ae5b0, L_0000023498261d00;
L_00000234982afb90 .array/port v000002349825b4d0, L_00000234982afa50;
L_00000234982aef10 .concat [ 10 22 0 0], L_00000234982ae5b0, L_0000023498261d48;
L_00000234982afa50 .arith/sum 32, L_00000234982aef10, L_0000023498261d90;
L_00000234982ae510 .array/port v000002349825b4d0, L_00000234982afff0;
L_00000234982b04f0 .concat [ 10 22 0 0], L_00000234982ae5b0, L_0000023498261dd8;
L_00000234982afff0 .arith/sum 32, L_00000234982b04f0, L_0000023498261e20;
L_00000234982ae3d0 .array/port v000002349825b4d0, L_00000234982b0270;
L_00000234982aff50 .concat [ 10 22 0 0], L_00000234982ae5b0, L_0000023498261e68;
L_00000234982b0270 .arith/sum 32, L_00000234982aff50, L_0000023498261eb0;
L_00000234982af5f0 .concat [ 8 8 8 8], L_00000234982ae3d0, L_00000234982ae510, L_00000234982afb90, L_000002349825f580;
S_0000023497e17830 .scope module, "my_ir" "ir" 5 79, 13 1 0, S_0000023497e1ede0;
 .timescale -9 -12;
    .port_info 0 /INPUT 1 "clk";
    .port_info 1 /INPUT 1 "IRWr";
    .port_info 2 /INPUT 32 "pc_in";
    .port_info 3 /OUTPUT 32 "instr";
v000002349825be30_0 .net "IRWr", 0 0, L_000002349825c2e0;  alias, 1 drivers
v000002349825bc50_0 .net "clk", 0 0, v000002349825c880_0;  alias, 1 drivers
v000002349825b9d0_0 .var "instr", 31 0;
v000002349825b7f0_0 .net "pc_in", 31 0, L_00000234982af5f0;  alias, 1 drivers
S_0000023497e0d230 .scope module, "my_npc" "npc" 5 178, 14 1 0, S_0000023497e1ede0;
 .timescale -9 -12;
    .port_info 0 /INPUT 32 "addr";
    .port_info 1 /INPUT 26 "imm";
    .port_info 2 /INPUT 2 "NPCOp";
    .port_info 3 /INPUT 32 "reg_data";
    .port_info 4 /OUTPUT 32 "npc";
    .port_info 5 /OUTPUT 32 "pc_4";
L_00000234982ca030 .functor BUFZ 32, v000002349825a7b0_0, C4<00000000000000000000000000000000>, C4<00000000000000000000000000000000>, C4<00000000000000000000000000000000>;
v000002349825b110_0 .net "NPCOp", 1 0, L_000002349825f4e0;  alias, 1 drivers
v000002349825a990_0 .net "addr", 31 0, v000002349825a7b0_0;  alias, 1 drivers
v000002349825aa30_0 .net "imm", 25 0, L_00000234982af730;  1 drivers
v000002349825bcf0_0 .var "npc", 31 0;
v000002349825b070_0 .net "pc_4", 31 0, L_00000234982ca030;  alias, 1 drivers
v000002349825bb10_0 .net "reg_data", 31 0, L_00000234982ad840;  alias, 1 drivers
E_00000234981e70e0 .event anyedge, v00000234981d42b0_0, v000002349825a990_0, v000002349825aa30_0, v0000023498255af0_0;
S_0000023497e0d3c0 .scope module, "my_opa" "opa" 5 113, 15 1 0, S_0000023497e1ede0;
 .timescale -9 -12;
    .port_info 0 /INPUT 1 "clk";
    .port_info 1 /INPUT 32 "din";
    .port_info 2 /OUTPUT 32 "dout";
v000002349825b1b0_0 .net "clk", 0 0, v000002349825c880_0;  alias, 1 drivers
v000002349825aad0_0 .net "din", 31 0, L_00000234982acff0;  alias, 1 drivers
v000002349825bd90_0 .var "dout", 31 0;
S_0000023497e1c0c0 .scope module, "my_opb" "opb" 5 119, 16 1 0, S_0000023497e1ede0;
 .timescale -9 -12;
    .port_info 0 /INPUT 1 "clk";
    .port_info 1 /INPUT 32 "din";
    .port_info 2 /OUTPUT 32 "dout";
v000002349825b570_0 .net "clk", 0 0, v000002349825c880_0;  alias, 1 drivers
v000002349825ab70_0 .net "din", 31 0, L_00000234982ad060;  alias, 1 drivers
v000002349825b250_0 .var "dout", 31 0;
S_0000023497e1c250 .scope module, "my_pc" "pc" 5 64, 17 1 0, S_0000023497e1ede0;
 .timescale -9 -12;
    .port_info 0 /INPUT 1 "clk";
    .port_info 1 /INPUT 1 "rst";
    .port_info 2 /INPUT 32 "din";
    .port_info 3 /INPUT 1 "PCWr";
    .port_info 4 /OUTPUT 32 "dout";
v000002349825b2f0_0 .net "PCWr", 0 0, L_00000234981dafb0;  alias, 1 drivers
v000002349825ac10_0 .net "clk", 0 0, v000002349825c880_0;  alias, 1 drivers
v000002349825ae90_0 .net "din", 31 0, v000002349825bcf0_0;  alias, 1 drivers
v000002349825a7b0_0 .var "dout", 31 0;
v000002349825a850_0 .net "rst", 0 0, v000002349825e0e0_0;  alias, 1 drivers
    .scope S_0000023497e13320;
T_0 ;
    %wait E_00000234981e7060;
    %load/vec4 v000002349824f2a0_0;
    %flag_set/vec4 8;
    %jmp/0xz  T_0.0, 8;
    %pushi/vec4 0, 0, 4;
    %assign/vec4 v000002349824f200_0, 0;
    %jmp T_0.1;
T_0.0 ;
    %load/vec4 v000002349824f200_0;
    %dup/vec4;
    %pushi/vec4 0, 0, 4;
    %cmp/u;
    %jmp/1 T_0.2, 6;
    %dup/vec4;
    %pushi/vec4 1, 0, 4;
    %cmp/u;
    %jmp/1 T_0.3, 6;
    %dup/vec4;
    %pushi/vec4 2, 0, 4;
    %cmp/u;
    %jmp/1 T_0.4, 6;
    %dup/vec4;
    %pushi/vec4 3, 0, 4;
    %cmp/u;
    %jmp/1 T_0.5, 6;
    %dup/vec4;
    %pushi/vec4 4, 0, 4;
    %cmp/u;
    %jmp/1 T_0.6, 6;
    %dup/vec4;
    %pushi/vec4 5, 0, 4;
    %cmp/u;
    %jmp/1 T_0.7, 6;
    %dup/vec4;
    %pushi/vec4 6, 0, 4;
    %cmp/u;
    %jmp/1 T_0.8, 6;
    %dup/vec4;
    %pushi/vec4 7, 0, 4;
    %cmp/u;
    %jmp/1 T_0.9, 6;
    %dup/vec4;
    %pushi/vec4 8, 0, 4;
    %cmp/u;
    %jmp/1 T_0.10, 6;
    %jmp T_0.11;
T_0.2 ;
    %pushi/vec4 1, 0, 4;
    %assign/vec4 v000002349824f200_0, 0;
    %jmp T_0.11;
T_0.3 ;
    %load/vec4 v000002349824f5c0_0;
    %cmpi/e 4, 0, 6;
    %jmp/1 T_0.14, 4;
    %flag_mov 8, 4;
    %load/vec4 v000002349824f5c0_0;
    %cmpi/e 1, 0, 6;
    %flag_get/vec4 4;
    %jmp/0 T_0.15, 4;
    %load/vec4 v000002349824eda0_0;
    %pushi/vec4 1, 0, 5;
    %cmp/e;
    %flag_get/vec4 4;
    %and;
T_0.15;
    %flag_set/vec4 9;
    %flag_or 9, 8;
    %flag_mov 4, 9;
T_0.14;
    %jmp/0xz  T_0.12, 4;
    %pushi/vec4 6, 0, 4;
    %assign/vec4 v000002349824f200_0, 0;
    %jmp T_0.13;
T_0.12 ;
    %load/vec4 v000002349824f5c0_0;
    %cmpi/e 2, 0, 6;
    %jmp/1 T_0.20, 4;
    %flag_mov 8, 4;
    %load/vec4 v000002349824f5c0_0;
    %cmpi/e 0, 0, 6;
    %flag_get/vec4 4;
    %jmp/0 T_0.21, 4;
    %load/vec4 v000002349824ebc0_0;
    %pushi/vec4 8, 0, 6;
    %cmp/e;
    %flag_get/vec4 4;
    %and;
T_0.21;
    %flag_set/vec4 9;
    %flag_or 9, 8;
    %flag_mov 4, 9;
T_0.20;
    %jmp/1 T_0.19, 4;
    %flag_mov 8, 4;
    %load/vec4 v000002349824f5c0_0;
    %cmpi/e 3, 0, 6;
    %flag_or 4, 8;
T_0.19;
    %jmp/1 T_0.18, 4;
    %flag_mov 8, 4;
    %load/vec4 v000002349824f5c0_0;
    %cmpi/e 16, 0, 6;
    %flag_get/vec4 4;
    %jmp/0 T_0.23, 4;
    %load/vec4 v000002349824ebc0_0;
    %pushi/vec4 24, 0, 6;
    %cmp/e;
    %flag_get/vec4 4;
    %and;
T_0.23;
    %flag_set/vec4 10;
    %flag_get/vec4 10;
    %jmp/0 T_0.22, 10;
    %load/vec4 v000002349824f7a0_0;
    %pushi/vec4 16, 0, 5;
    %cmp/e;
    %flag_get/vec4 4;
    %and;
T_0.22;
    %flag_set/vec4 9;
    %flag_or 9, 8;
    %flag_mov 4, 9;
T_0.18;
    %jmp/0xz  T_0.16, 4;
    %pushi/vec4 7, 0, 4;
    %assign/vec4 v000002349824f200_0, 0;
    %jmp T_0.17;
T_0.16 ;
    %pushi/vec4 2, 0, 4;
    %assign/vec4 v000002349824f200_0, 0;
T_0.17 ;
T_0.13 ;
    %jmp T_0.11;
T_0.4 ;
    %load/vec4 v000002349824f5c0_0;
    %cmpi/e 35, 0, 6;
    %jmp/1 T_0.27, 4;
    %flag_mov 8, 4;
    %load/vec4 v000002349824f5c0_0;
    %cmpi/e 32, 0, 6;
    %flag_or 4, 8;
T_0.27;
    %jmp/1 T_0.26, 4;
    %flag_mov 8, 4;
    %load/vec4 v000002349824f5c0_0;
    %cmpi/e 16, 0, 6;
    %flag_get/vec4 4;
    %jmp/0 T_0.28, 4;
    %load/vec4 v000002349824f7a0_0;
    %pushi/vec4 0, 0, 5;
    %cmp/e;
    %flag_get/vec4 4;
    %and;
T_0.28;
    %flag_set/vec4 9;
    %flag_or 9, 8;
    %flag_mov 4, 9;
T_0.26;
    %jmp/0xz  T_0.24, 4;
    %pushi/vec4 3, 0, 4;
    %assign/vec4 v000002349824f200_0, 0;
    %jmp T_0.25;
T_0.24 ;
    %load/vec4 v000002349824f5c0_0;
    %cmpi/e 43, 0, 6;
    %jmp/1 T_0.32, 4;
    %flag_mov 8, 4;
    %load/vec4 v000002349824f5c0_0;
    %cmpi/e 40, 0, 6;
    %flag_or 4, 8;
T_0.32;
    %jmp/1 T_0.31, 4;
    %flag_mov 8, 4;
    %load/vec4 v000002349824f5c0_0;
    %cmpi/e 16, 0, 6;
    %flag_get/vec4 4;
    %jmp/0 T_0.33, 4;
    %load/vec4 v000002349824f7a0_0;
    %pushi/vec4 4, 0, 5;
    %cmp/e;
    %flag_get/vec4 4;
    %and;
T_0.33;
    %flag_set/vec4 9;
    %flag_or 9, 8;
    %flag_mov 4, 9;
T_0.31;
    %jmp/0xz  T_0.29, 4;
    %pushi/vec4 4, 0, 4;
    %assign/vec4 v000002349824f200_0, 0;
    %jmp T_0.30;
T_0.29 ;
    %pushi/vec4 5, 0, 4;
    %assign/vec4 v000002349824f200_0, 0;
T_0.30 ;
T_0.25 ;
    %jmp T_0.11;
T_0.5 ;
    %pushi/vec4 5, 0, 4;
    %assign/vec4 v000002349824f200_0, 0;
    %jmp T_0.11;
T_0.6 ;
    %pushi/vec4 0, 0, 4;
    %assign/vec4 v000002349824f200_0, 0;
    %jmp T_0.11;
T_0.7 ;
    %pushi/vec4 0, 0, 4;
    %assign/vec4 v000002349824f200_0, 0;
    %jmp T_0.11;
T_0.8 ;
    %pushi/vec4 0, 0, 4;
    %assign/vec4 v000002349824f200_0, 0;
    %jmp T_0.11;
T_0.9 ;
    %pushi/vec4 0, 0, 4;
    %assign/vec4 v000002349824f200_0, 0;
    %jmp T_0.11;
T_0.10 ;
    %pushi/vec4 0, 0, 4;
    %assign/vec4 v000002349824f200_0, 0;
    %jmp T_0.11;
T_0.11 ;
    %pop/vec4 1;
T_0.1 ;
    %jmp T_0;
    .thread T_0;
    .scope S_0000023497e1c250;
T_1 ;
    %wait E_00000234981e7060;
    %load/vec4 v000002349825a850_0;
    %flag_set/vec4 8;
    %jmp/0xz  T_1.0, 8;
    %pushi/vec4 12288, 0, 32;
    %assign/vec4 v000002349825a7b0_0, 0;
    %jmp T_1.1;
T_1.0 ;
    %load/vec4 v000002349825b2f0_0;
    %flag_set/vec4 8;
    %jmp/0xz  T_1.2, 8;
    %load/vec4 v000002349825ae90_0;
    %assign/vec4 v000002349825a7b0_0, 0;
T_1.2 ;
T_1.1 ;
    %jmp T_1;
    .thread T_1;
    .scope S_0000023497e176a0;
T_2 ;
    %vpi_call 12 9 "$readmemh", "ks1-test.txt", v000002349825b4d0, 32'sb00000000000000000000000000000000 {0 0 0};
    %end;
    .thread T_2;
    .scope S_0000023497e17830;
T_3 ;
    %wait E_00000234981e7060;
    %load/vec4 v000002349825be30_0;
    %flag_set/vec4 8;
    %jmp/0xz  T_3.0, 8;
    %load/vec4 v000002349825b7f0_0;
    %assign/vec4 v000002349825b9d0_0, 0;
T_3.0 ;
    %jmp T_3;
    .thread T_3;
    .scope S_0000023497e254a0;
T_4 ;
    %wait E_00000234981e7060;
    %load/vec4 v0000023498254790_0;
    %flag_set/vec4 8;
    %jmp/0xz  T_4.0, 8;
    %pushi/vec4 0, 0, 32;
    %store/vec4 v0000023498255190_0, 0, 32;
T_4.2 ;
    %load/vec4 v0000023498255190_0;
    %cmpi/s 32, 0, 32;
    %jmp/0xz T_4.3, 5;
    %pushi/vec4 0, 0, 32;
    %ix/getv/s 3, v0000023498255190_0;
    %ix/load 4, 0, 0; Constant delay
    %assign/vec4/a/d v00000234982557d0, 0, 4;
    %load/vec4 v0000023498255190_0;
    %addi 1, 0, 32;
    %store/vec4 v0000023498255190_0, 0, 32;
    %jmp T_4.2;
T_4.3 ;
    %jmp T_4.1;
T_4.0 ;
    %load/vec4 v0000023498253c50_0;
    %flag_set/vec4 9;
    %flag_get/vec4 9;
    %jmp/0 T_4.6, 9;
    %load/vec4 v0000023498254b50_0;
    %pad/u 32;
    %pushi/vec4 0, 0, 32;
    %cmp/ne;
    %flag_get/vec4 4;
    %and;
T_4.6;
    %flag_set/vec4 8;
    %jmp/0xz  T_4.4, 8;
    %load/vec4 v0000023498254fb0_0;
    %load/vec4 v0000023498254b50_0;
    %pad/u 7;
    %ix/vec4 3;
    %ix/load 4, 0, 0; Constant delay
    %assign/vec4/a/d v00000234982557d0, 0, 4;
T_4.4 ;
T_4.1 ;
    %jmp T_4;
    .thread T_4;
    .scope S_0000023497e0d3c0;
T_5 ;
    %wait E_00000234981e7060;
    %load/vec4 v000002349825aad0_0;
    %assign/vec4 v000002349825bd90_0, 0;
    %jmp T_5;
    .thread T_5;
    .scope S_0000023497e1c0c0;
T_6 ;
    %wait E_00000234981e7060;
    %load/vec4 v000002349825ab70_0;
    %assign/vec4 v000002349825b250_0, 0;
    %jmp T_6;
    .thread T_6;
    .scope S_0000023497e25310;
T_7 ;
    %wait E_00000234981e72e0;
    %load/vec4 v0000023498253250_0;
    %dup/vec4;
    %pushi/vec4 0, 0, 2;
    %cmp/u;
    %jmp/1 T_7.0, 6;
    %dup/vec4;
    %pushi/vec4 1, 0, 2;
    %cmp/u;
    %jmp/1 T_7.1, 6;
    %dup/vec4;
    %pushi/vec4 2, 0, 2;
    %cmp/u;
    %jmp/1 T_7.2, 6;
    %pushi/vec4 0, 0, 32;
    %store/vec4 v0000023498253610_0, 0, 32;
    %jmp T_7.4;
T_7.0 ;
    %pushi/vec4 0, 0, 16;
    %load/vec4 v0000023498253390_0;
    %concat/vec4; draw_concat_vec4
    %store/vec4 v0000023498253610_0, 0, 32;
    %jmp T_7.4;
T_7.1 ;
    %load/vec4 v0000023498253390_0;
    %parti/s 1, 15, 5;
    %replicate 16;
    %load/vec4 v0000023498253390_0;
    %concat/vec4; draw_concat_vec4
    %store/vec4 v0000023498253610_0, 0, 32;
    %jmp T_7.4;
T_7.2 ;
    %load/vec4 v0000023498253390_0;
    %concati/vec4 0, 0, 16;
    %store/vec4 v0000023498253610_0, 0, 32;
    %jmp T_7.4;
T_7.4 ;
    %pop/vec4 1;
    %jmp T_7;
    .thread T_7, $push;
    .scope S_0000023497e1f0d0;
T_8 ;
    %wait E_00000234981e7520;
    %load/vec4 v000002349824ee40_0;
    %dup/vec4;
    %pushi/vec4 0, 0, 2;
    %cmp/u;
    %jmp/1 T_8.0, 6;
    %dup/vec4;
    %pushi/vec4 1, 0, 2;
    %cmp/u;
    %jmp/1 T_8.1, 6;
    %dup/vec4;
    %pushi/vec4 2, 0, 2;
    %cmp/u;
    %jmp/1 T_8.2, 6;
    %jmp T_8.3;
T_8.0 ;
    %pushi/vec4 0, 0, 1;
    %store/vec4 v0000023498254290_0, 0, 1;
    %load/vec4 v000002349824ea80_0;
    %dup/vec4;
    %pushi/vec4 0, 0, 2;
    %cmp/u;
    %jmp/1 T_8.4, 6;
    %dup/vec4;
    %pushi/vec4 1, 0, 2;
    %cmp/u;
    %jmp/1 T_8.5, 6;
    %dup/vec4;
    %pushi/vec4 2, 0, 2;
    %cmp/u;
    %jmp/1 T_8.6, 6;
    %pushi/vec4 0, 0, 32;
    %store/vec4 v0000023498254330_0, 0, 32;
    %jmp T_8.8;
T_8.4 ;
    %load/vec4 v00000234982536b0_0;
    %load/vec4 v0000023498253750_0;
    %add;
    %store/vec4 v0000023498254330_0, 0, 32;
    %jmp T_8.8;
T_8.5 ;
    %load/vec4 v00000234982536b0_0;
    %load/vec4 v0000023498253750_0;
    %inv;
    %addi 1, 0, 32;
    %add;
    %store/vec4 v0000023498254330_0, 0, 32;
    %jmp T_8.8;
T_8.6 ;
    %load/vec4 v00000234982536b0_0;
    %load/vec4 v0000023498253750_0;
    %or;
    %store/vec4 v0000023498254330_0, 0, 32;
    %jmp T_8.8;
T_8.8 ;
    %pop/vec4 1;
    %jmp T_8.3;
T_8.1 ;
    %load/vec4 v00000234982536b0_0;
    %load/vec4 v0000023498253750_0;
    %add;
    %store/vec4 v00000234982520d0_0, 0, 32;
    %load/vec4 v00000234982536b0_0;
    %parti/s 1, 31, 6;
    %inv;
    %load/vec4 v0000023498253750_0;
    %parti/s 1, 31, 6;
    %inv;
    %and;
    %load/vec4 v00000234982520d0_0;
    %parti/s 1, 31, 6;
    %and;
    %load/vec4 v00000234982536b0_0;
    %parti/s 1, 31, 6;
    %load/vec4 v0000023498253750_0;
    %parti/s 1, 31, 6;
    %and;
    %load/vec4 v00000234982520d0_0;
    %parti/s 1, 31, 6;
    %inv;
    %and;
    %or;
    %flag_set/vec4 8;
    %jmp/0xz  T_8.9, 8;
    %pushi/vec4 1, 0, 32;
    %store/vec4 v0000023498254330_0, 0, 32;
    %pushi/vec4 1, 0, 1;
    %store/vec4 v0000023498254290_0, 0, 1;
    %jmp T_8.10;
T_8.9 ;
    %load/vec4 v00000234982520d0_0;
    %store/vec4 v0000023498254330_0, 0, 32;
    %pushi/vec4 0, 0, 1;
    %store/vec4 v0000023498254290_0, 0, 1;
T_8.10 ;
    %jmp T_8.3;
T_8.2 ;
    %load/vec4 v00000234982536b0_0;
    %load/vec4 v0000023498253750_0;
    %inv;
    %addi 1, 0, 32;
    %add;
    %store/vec4 v00000234982520d0_0, 0, 32;
    %pushi/vec4 0, 0, 1;
    %store/vec4 v0000023498254290_0, 0, 1;
    %load/vec4 v00000234982520d0_0;
    %parti/s 1, 31, 6;
    %cmpi/e 1, 0, 1;
    %jmp/0xz  T_8.11, 4;
    %pushi/vec4 1, 0, 32;
    %store/vec4 v0000023498254330_0, 0, 32;
    %jmp T_8.12;
T_8.11 ;
    %pushi/vec4 0, 0, 32;
    %store/vec4 v0000023498254330_0, 0, 32;
T_8.12 ;
    %jmp T_8.3;
T_8.3 ;
    %pop/vec4 1;
    %jmp T_8;
    .thread T_8, $push;
    .scope S_0000023497e28630;
T_9 ;
    %wait E_00000234981e7060;
    %load/vec4 v0000023498252d50_0;
    %assign/vec4 v00000234982537f0_0, 0;
    %jmp T_9;
    .thread T_9;
    .scope S_0000023497e287c0;
T_10 ;
    %wait E_00000234981e7060;
    %load/vec4 v0000023498252990_0;
    %flag_set/vec4 8;
    %jmp/0xz  T_10.0, 8;
    %pushi/vec4 0, 0, 32;
    %store/vec4 v0000023498252fd0_0, 0, 32;
T_10.2 ;
    %load/vec4 v0000023498252fd0_0;
    %cmpi/s 1024, 0, 32;
    %jmp/0xz T_10.3, 5;
    %pushi/vec4 0, 0, 8;
    %ix/getv/s 3, v0000023498252fd0_0;
    %ix/load 4, 0, 0; Constant delay
    %assign/vec4/a/d v0000023498252f30, 0, 4;
    %load/vec4 v0000023498252fd0_0;
    %addi 1, 0, 32;
    %store/vec4 v0000023498252fd0_0, 0, 32;
    %jmp T_10.2;
T_10.3 ;
    %jmp T_10.1;
T_10.0 ;
    %load/vec4 v0000023498252a30_0;
    %flag_set/vec4 8;
    %jmp/0xz  T_10.4, 8;
    %load/vec4 v00000234982523f0_0;
    %cmpi/e 1, 0, 1;
    %jmp/0xz  T_10.6, 4;
    %load/vec4 v0000023498252850_0;
    %parti/s 8, 0, 2;
    %load/vec4 v0000023498253a70_0;
    %pad/u 12;
    %ix/vec4 3;
    %ix/load 4, 0, 0; Constant delay
    %assign/vec4/a/d v0000023498252f30, 0, 4;
    %jmp T_10.7;
T_10.6 ;
    %load/vec4 v0000023498252850_0;
    %parti/s 8, 24, 6;
    %load/vec4 v0000023498253a70_0;
    %pad/u 32;
    %addi 3, 0, 32;
    %ix/vec4 3;
    %ix/load 4, 0, 0; Constant delay
    %assign/vec4/a/d v0000023498252f30, 0, 4;
    %load/vec4 v0000023498252850_0;
    %parti/s 8, 16, 6;
    %load/vec4 v0000023498253a70_0;
    %pad/u 32;
    %addi 2, 0, 32;
    %ix/vec4 3;
    %ix/load 4, 0, 0; Constant delay
    %assign/vec4/a/d v0000023498252f30, 0, 4;
    %load/vec4 v0000023498252850_0;
    %parti/s 8, 8, 5;
    %load/vec4 v0000023498253a70_0;
    %pad/u 32;
    %addi 1, 0, 32;
    %ix/vec4 3;
    %ix/load 4, 0, 0; Constant delay
    %assign/vec4/a/d v0000023498252f30, 0, 4;
    %load/vec4 v0000023498252850_0;
    %parti/s 8, 0, 2;
    %load/vec4 v0000023498253a70_0;
    %pad/u 12;
    %ix/vec4 3;
    %ix/load 4, 0, 0; Constant delay
    %assign/vec4/a/d v0000023498252f30, 0, 4;
T_10.7 ;
T_10.4 ;
T_10.1 ;
    %jmp T_10;
    .thread T_10;
    .scope S_0000023497dd5320;
T_11 ;
    %wait E_00000234981e7060;
    %load/vec4 v0000023498252b70_0;
    %assign/vec4 v0000023498254010_0, 0;
    %jmp T_11;
    .thread T_11;
    .scope S_0000023497e0d230;
T_12 ;
    %wait E_00000234981e70e0;
    %load/vec4 v000002349825b110_0;
    %dup/vec4;
    %pushi/vec4 0, 0, 2;
    %cmp/u;
    %jmp/1 T_12.0, 6;
    %dup/vec4;
    %pushi/vec4 1, 0, 2;
    %cmp/u;
    %jmp/1 T_12.1, 6;
    %dup/vec4;
    %pushi/vec4 2, 0, 2;
    %cmp/u;
    %jmp/1 T_12.2, 6;
    %dup/vec4;
    %pushi/vec4 3, 0, 2;
    %cmp/u;
    %jmp/1 T_12.3, 6;
    %load/vec4 v000002349825a990_0;
    %addi 4, 0, 32;
    %store/vec4 v000002349825bcf0_0, 0, 32;
    %jmp T_12.5;
T_12.0 ;
    %load/vec4 v000002349825a990_0;
    %addi 4, 0, 32;
    %store/vec4 v000002349825bcf0_0, 0, 32;
    %jmp T_12.5;
T_12.1 ;
    %load/vec4 v000002349825a990_0;
    %parti/s 4, 28, 6;
    %load/vec4 v000002349825aa30_0;
    %concat/vec4; draw_concat_vec4
    %concati/vec4 0, 0, 2;
    %store/vec4 v000002349825bcf0_0, 0, 32;
    %jmp T_12.5;
T_12.2 ;
    %load/vec4 v000002349825a990_0;
    %load/vec4 v000002349825aa30_0;
    %parti/s 1, 15, 5;
    %replicate 14;
    %load/vec4 v000002349825aa30_0;
    %parti/s 16, 0, 2;
    %concat/vec4; draw_concat_vec4
    %concati/vec4 0, 0, 2;
    %add;
    %store/vec4 v000002349825bcf0_0, 0, 32;
    %jmp T_12.5;
T_12.3 ;
    %load/vec4 v000002349825bb10_0;
    %store/vec4 v000002349825bcf0_0, 0, 32;
    %jmp T_12.5;
T_12.5 ;
    %pop/vec4 1;
    %jmp T_12;
    .thread T_12, $push;
    .scope S_0000023497e7ed90;
T_13 ;
    %pushi/vec4 0, 0, 1;
    %store/vec4 v000002349825c880_0, 0, 1;
    %end;
    .thread T_13;
    .scope S_0000023497e7ed90;
T_14 ;
    %delay 5000, 0;
    %load/vec4 v000002349825c880_0;
    %inv;
    %store/vec4 v000002349825c880_0, 0, 1;
    %jmp T_14;
    .thread T_14;
    .scope S_0000023497e7ed90;
T_15 ;
    %pushi/vec4 1, 0, 1;
    %store/vec4 v000002349825e0e0_0, 0, 1;
    %delay 10000, 0;
    %pushi/vec4 0, 0, 1;
    %store/vec4 v000002349825e0e0_0, 0, 1;
    %delay 3000000, 0;
    %vpi_call 2 26 "$finish" {0 0 0};
    %end;
    .thread T_15;
    .scope S_0000023497e7ed90;
T_16 ;
    %vpi_call 2 31 "$dumpfile", "wave.vcd" {0 0 0};
    %vpi_call 2 34 "$dumpvars", 32'sb00000000000000000000000000000000, &A<v0000023498252f30, 0> {0 0 0};
    %vpi_call 2 35 "$dumpvars", 32'sb00000000000000000000000000000000, &A<v0000023498252f30, 1> {0 0 0};
    %vpi_call 2 36 "$dumpvars", 32'sb00000000000000000000000000000000, &A<v0000023498252f30, 2> {0 0 0};
    %vpi_call 2 37 "$dumpvars", 32'sb00000000000000000000000000000000, &A<v0000023498252f30, 3> {0 0 0};
    %vpi_call 2 38 "$dumpvars", 32'sb00000000000000000000000000000000, &A<v0000023498252f30, 4> {0 0 0};
    %vpi_call 2 39 "$dumpvars", 32'sb00000000000000000000000000000000, &A<v0000023498252f30, 5> {0 0 0};
    %vpi_call 2 40 "$dumpvars", 32'sb00000000000000000000000000000000, &A<v0000023498252f30, 6> {0 0 0};
    %vpi_call 2 41 "$dumpvars", 32'sb00000000000000000000000000000000, &A<v0000023498252f30, 7> {0 0 0};
    %vpi_call 2 42 "$dumpvars", 32'sb00000000000000000000000000000000, &A<v0000023498252f30, 8> {0 0 0};
    %vpi_call 2 43 "$dumpvars", 32'sb00000000000000000000000000000000, &A<v0000023498252f30, 9> {0 0 0};
    %vpi_call 2 44 "$dumpvars", 32'sb00000000000000000000000000000000, &A<v0000023498252f30, 10> {0 0 0};
    %vpi_call 2 45 "$dumpvars", 32'sb00000000000000000000000000000000, &A<v0000023498252f30, 11> {0 0 0};
    %vpi_call 2 46 "$dumpvars", 32'sb00000000000000000000000000000000, &A<v0000023498252f30, 12> {0 0 0};
    %vpi_call 2 47 "$dumpvars", 32'sb00000000000000000000000000000000, &A<v0000023498252f30, 13> {0 0 0};
    %vpi_call 2 48 "$dumpvars", 32'sb00000000000000000000000000000000, &A<v0000023498252f30, 14> {0 0 0};
    %vpi_call 2 49 "$dumpvars", 32'sb00000000000000000000000000000000, &A<v0000023498252f30, 15> {0 0 0};
    %vpi_call 2 53 "$dumpvars", 32'sb00000000000000000000000000000000, &A<v00000234982557d0, 0> {0 0 0};
    %vpi_call 2 54 "$dumpvars", 32'sb00000000000000000000000000000000, &A<v00000234982557d0, 1> {0 0 0};
    %vpi_call 2 55 "$dumpvars", 32'sb00000000000000000000000000000000, &A<v00000234982557d0, 2> {0 0 0};
    %vpi_call 2 56 "$dumpvars", 32'sb00000000000000000000000000000000, &A<v00000234982557d0, 3> {0 0 0};
    %vpi_call 2 57 "$dumpvars", 32'sb00000000000000000000000000000000, &A<v00000234982557d0, 4> {0 0 0};
    %vpi_call 2 58 "$dumpvars", 32'sb00000000000000000000000000000000, &A<v00000234982557d0, 5> {0 0 0};
    %vpi_call 2 59 "$dumpvars", 32'sb00000000000000000000000000000000, &A<v00000234982557d0, 6> {0 0 0};
    %vpi_call 2 60 "$dumpvars", 32'sb00000000000000000000000000000000, &A<v00000234982557d0, 7> {0 0 0};
    %vpi_call 2 61 "$dumpvars", 32'sb00000000000000000000000000000000, &A<v00000234982557d0, 8> {0 0 0};
    %vpi_call 2 62 "$dumpvars", 32'sb00000000000000000000000000000000, &A<v00000234982557d0, 9> {0 0 0};
    %vpi_call 2 63 "$dumpvars", 32'sb00000000000000000000000000000000, &A<v00000234982557d0, 10> {0 0 0};
    %vpi_call 2 64 "$dumpvars", 32'sb00000000000000000000000000000000, &A<v00000234982557d0, 11> {0 0 0};
    %vpi_call 2 65 "$dumpvars", 32'sb00000000000000000000000000000000, &A<v00000234982557d0, 12> {0 0 0};
    %vpi_call 2 66 "$dumpvars", 32'sb00000000000000000000000000000000, &A<v00000234982557d0, 13> {0 0 0};
    %vpi_call 2 67 "$dumpvars", 32'sb00000000000000000000000000000000, &A<v00000234982557d0, 14> {0 0 0};
    %vpi_call 2 68 "$dumpvars", 32'sb00000000000000000000000000000000, &A<v00000234982557d0, 15> {0 0 0};
    %vpi_call 2 69 "$dumpvars", 32'sb00000000000000000000000000000000, &A<v00000234982557d0, 16> {0 0 0};
    %vpi_call 2 70 "$dumpvars", 32'sb00000000000000000000000000000000, &A<v00000234982557d0, 17> {0 0 0};
    %vpi_call 2 71 "$dumpvars", 32'sb00000000000000000000000000000000, &A<v00000234982557d0, 18> {0 0 0};
    %vpi_call 2 72 "$dumpvars", 32'sb00000000000000000000000000000000, &A<v00000234982557d0, 19> {0 0 0};
    %vpi_call 2 73 "$dumpvars", 32'sb00000000000000000000000000000000, &A<v00000234982557d0, 20> {0 0 0};
    %vpi_call 2 74 "$dumpvars", 32'sb00000000000000000000000000000000, &A<v00000234982557d0, 21> {0 0 0};
    %vpi_call 2 75 "$dumpvars", 32'sb00000000000000000000000000000000, &A<v00000234982557d0, 22> {0 0 0};
    %vpi_call 2 76 "$dumpvars", 32'sb00000000000000000000000000000000, &A<v00000234982557d0, 23> {0 0 0};
    %vpi_call 2 77 "$dumpvars", 32'sb00000000000000000000000000000000, &A<v00000234982557d0, 24> {0 0 0};
    %vpi_call 2 78 "$dumpvars", 32'sb00000000000000000000000000000000, &A<v00000234982557d0, 25> {0 0 0};
    %vpi_call 2 79 "$dumpvars", 32'sb00000000000000000000000000000000, &A<v00000234982557d0, 26> {0 0 0};
    %vpi_call 2 80 "$dumpvars", 32'sb00000000000000000000000000000000, &A<v00000234982557d0, 27> {0 0 0};
    %vpi_call 2 81 "$dumpvars", 32'sb00000000000000000000000000000000, &A<v00000234982557d0, 28> {0 0 0};
    %vpi_call 2 82 "$dumpvars", 32'sb00000000000000000000000000000000, &A<v00000234982557d0, 29> {0 0 0};
    %vpi_call 2 83 "$dumpvars", 32'sb00000000000000000000000000000000, &A<v00000234982557d0, 30> {0 0 0};
    %vpi_call 2 84 "$dumpvars", 32'sb00000000000000000000000000000000, &A<v00000234982557d0, 31> {0 0 0};
    %vpi_call 2 87 "$dumpvars", 32'sb00000000000000000000000000000000, &A<v000002349825b4d0, 0> {0 0 0};
    %vpi_call 2 88 "$dumpvars", 32'sb00000000000000000000000000000000, &A<v000002349825b4d0, 1> {0 0 0};
    %vpi_call 2 89 "$dumpvars", 32'sb00000000000000000000000000000000, &A<v000002349825b4d0, 2> {0 0 0};
    %vpi_call 2 90 "$dumpvars", 32'sb00000000000000000000000000000000, &A<v000002349825b4d0, 3> {0 0 0};
    %vpi_call 2 91 "$dumpvars", 32'sb00000000000000000000000000000000, &A<v000002349825b4d0, 4> {0 0 0};
    %vpi_call 2 92 "$dumpvars", 32'sb00000000000000000000000000000000, &A<v000002349825b4d0, 5> {0 0 0};
    %vpi_call 2 93 "$dumpvars", 32'sb00000000000000000000000000000000, &A<v000002349825b4d0, 6> {0 0 0};
    %vpi_call 2 94 "$dumpvars", 32'sb00000000000000000000000000000000, &A<v000002349825b4d0, 7> {0 0 0};
    %vpi_call 2 95 "$dumpvars", 32'sb00000000000000000000000000000000, &A<v000002349825b4d0, 8> {0 0 0};
    %vpi_call 2 96 "$dumpvars", 32'sb00000000000000000000000000000000, &A<v000002349825b4d0, 9> {0 0 0};
    %vpi_call 2 97 "$dumpvars", 32'sb00000000000000000000000000000000, &A<v000002349825b4d0, 10> {0 0 0};
    %vpi_call 2 98 "$dumpvars", 32'sb00000000000000000000000000000000, &A<v000002349825b4d0, 11> {0 0 0};
    %vpi_call 2 99 "$dumpvars", 32'sb00000000000000000000000000000000, &A<v000002349825b4d0, 12> {0 0 0};
    %vpi_call 2 100 "$dumpvars", 32'sb00000000000000000000000000000000, &A<v000002349825b4d0, 13> {0 0 0};
    %vpi_call 2 101 "$dumpvars", 32'sb00000000000000000000000000000000, &A<v000002349825b4d0, 14> {0 0 0};
    %vpi_call 2 102 "$dumpvars", 32'sb00000000000000000000000000000000, &A<v000002349825b4d0, 15> {0 0 0};
    %vpi_call 2 105 "$dumpvars", 32'sb00000000000000000000000000000000, S_0000023497e7ed90 {0 0 0};
    %end;
    .thread T_16;
# The file index is used to find the file name in the following table.
:file_names 18;
    "N/A";
    "<interactive>";
    "tb_mips.v";
    "mips.v";
    "controller.v";
    "datapath.v";
    "alu.v";
    "aluout.v";
    "dm_1k.v";
    "dr.v";
    "ext.v";
    "gpr.v";
    "im_1k.v";
    "ir.v";
    "npc.v";
    "opa.v";
    "opb.v";
    "pc.v";
